2025-06-03 07:50:46.628 [main] DEBUG o.s.cloud.gateway.config.GatewayProperties - Routes supplied from Gateway Properties: [RouteDefinition{id='wxy-cloud-admin', predicates=[PredicateDefinition{name='Path', args={_genkey_0=/share-admin-api/**}}], filters=[], uri=lb://wxy-cloud-admin, order=1, metadata={}}, RouteDefinition{id='wxy-cloud-user', predicates=[PredicateDefinition{name='Path', args={_genkey_0=/user/**}}], filters=[FilterDefinition{name='StripPrefix', args={_genkey_0=1}}], uri=lb://wxy-cloud-user, order=2, metadata={}}, RouteDefinition{id='wxy-cloud-content', predicates=[PredicateDefinition{name='Path', args={_genkey_0=/content/**}}], filters=[FilterDefinition{name='StripPrefix', args={_genkey_0=1}}], uri=lb://wxy-cloud-content, order=3, metadata={}}, RouteDefinition{id='wxy-cloud-iot', predicates=[PredicateDefinition{name='Path', args={_genkey_0=/iot/**}}], filters=[FilterDefinition{name='StripPrefix', args={_genkey_0=1}}], uri=lb://wxy-cloud-iot, order=4, metadata={}}]
2025-06-03 07:50:46.662 [main] DEBUG o.s.c.g.f.f.cache.LocalResponseCacheProperties - No TTL configuration found. Default TTL will be applied for cache entries: PT5M minutes
2025-06-03 07:50:47.690 [boundedElastic-3] DEBUG o.s.c.gateway.route.RouteDefinitionRouteLocator - RouteDefinition ReactiveCompositeDiscoveryClient_wxy-cloud-gateway applying {pattern=/wxy-cloud-gateway/**} to Path
2025-06-03 07:50:47.698 [boundedElastic-4] DEBUG o.s.c.gateway.route.RouteDefinitionRouteLocator - RouteDefinition ReactiveCompositeDiscoveryClient_wxy-cloud-gateway applying {pattern=/wxy-cloud-gateway/**} to Path
2025-06-03 07:50:47.701 [boundedElastic-3] DEBUG o.s.c.gateway.route.RouteDefinitionRouteLocator - RouteDefinition ReactiveCompositeDiscoveryClient_wxy-cloud-gateway applying filter {regexp=/wxy-cloud-gateway/?(?<remaining>.*), replacement=/${remaining}} to RewritePath
2025-06-03 07:50:47.701 [boundedElastic-4] DEBUG o.s.c.gateway.route.RouteDefinitionRouteLocator - RouteDefinition ReactiveCompositeDiscoveryClient_wxy-cloud-gateway applying filter {regexp=/wxy-cloud-gateway/?(?<remaining>.*), replacement=/${remaining}} to RewritePath
2025-06-03 07:50:47.706 [boundedElastic-4] DEBUG o.s.c.gateway.route.RouteDefinitionRouteLocator - RouteDefinition matched: ReactiveCompositeDiscoveryClient_wxy-cloud-gateway
2025-06-03 07:50:47.706 [boundedElastic-3] DEBUG o.s.c.gateway.route.RouteDefinitionRouteLocator - RouteDefinition matched: ReactiveCompositeDiscoveryClient_wxy-cloud-gateway
2025-06-03 07:50:47.706 [boundedElastic-3] DEBUG o.s.c.gateway.route.RouteDefinitionRouteLocator - RouteDefinition wxy-cloud-admin applying {_genkey_0=/share-admin-api/**} to Path
2025-06-03 07:50:47.706 [boundedElastic-4] DEBUG o.s.c.gateway.route.RouteDefinitionRouteLocator - RouteDefinition wxy-cloud-admin applying {_genkey_0=/share-admin-api/**} to Path
2025-06-03 07:50:47.706 [boundedElastic-4] DEBUG o.s.c.gateway.route.RouteDefinitionRouteLocator - RouteDefinition matched: wxy-cloud-admin
2025-06-03 07:50:47.706 [boundedElastic-4] DEBUG o.s.c.gateway.route.RouteDefinitionRouteLocator - RouteDefinition wxy-cloud-user applying {_genkey_0=/user/**} to Path
2025-06-03 07:50:47.707 [boundedElastic-4] DEBUG o.s.c.gateway.route.RouteDefinitionRouteLocator - RouteDefinition wxy-cloud-user applying filter {_genkey_0=1} to StripPrefix
2025-06-03 07:50:47.707 [boundedElastic-3] DEBUG o.s.c.gateway.route.RouteDefinitionRouteLocator - RouteDefinition matched: wxy-cloud-admin
2025-06-03 07:50:47.707 [boundedElastic-3] DEBUG o.s.c.gateway.route.RouteDefinitionRouteLocator - RouteDefinition wxy-cloud-user applying {_genkey_0=/user/**} to Path
2025-06-03 07:50:47.708 [boundedElastic-3] DEBUG o.s.c.gateway.route.RouteDefinitionRouteLocator - RouteDefinition wxy-cloud-user applying filter {_genkey_0=1} to StripPrefix
2025-06-03 07:50:47.709 [boundedElastic-4] DEBUG o.s.c.gateway.route.RouteDefinitionRouteLocator - RouteDefinition matched: wxy-cloud-user
2025-06-03 07:50:47.709 [boundedElastic-3] DEBUG o.s.c.gateway.route.RouteDefinitionRouteLocator - RouteDefinition matched: wxy-cloud-user
2025-06-03 07:50:47.709 [boundedElastic-4] DEBUG o.s.c.gateway.route.RouteDefinitionRouteLocator - RouteDefinition wxy-cloud-content applying {_genkey_0=/content/**} to Path
2025-06-03 07:50:47.709 [boundedElastic-3] DEBUG o.s.c.gateway.route.RouteDefinitionRouteLocator - RouteDefinition wxy-cloud-content applying {_genkey_0=/content/**} to Path
2025-06-03 07:50:47.709 [boundedElastic-4] DEBUG o.s.c.gateway.route.RouteDefinitionRouteLocator - RouteDefinition wxy-cloud-content applying filter {_genkey_0=1} to StripPrefix
2025-06-03 07:50:47.709 [boundedElastic-3] DEBUG o.s.c.gateway.route.RouteDefinitionRouteLocator - RouteDefinition wxy-cloud-content applying filter {_genkey_0=1} to StripPrefix
2025-06-03 07:50:47.710 [boundedElastic-3] DEBUG o.s.c.gateway.route.RouteDefinitionRouteLocator - RouteDefinition matched: wxy-cloud-content
2025-06-03 07:50:47.710 [boundedElastic-4] DEBUG o.s.c.gateway.route.RouteDefinitionRouteLocator - RouteDefinition matched: wxy-cloud-content
2025-06-03 07:50:47.710 [boundedElastic-3] DEBUG o.s.c.gateway.route.RouteDefinitionRouteLocator - RouteDefinition wxy-cloud-iot applying {_genkey_0=/iot/**} to Path
2025-06-03 07:50:47.710 [boundedElastic-4] DEBUG o.s.c.gateway.route.RouteDefinitionRouteLocator - RouteDefinition wxy-cloud-iot applying {_genkey_0=/iot/**} to Path
2025-06-03 07:50:47.710 [boundedElastic-3] DEBUG o.s.c.gateway.route.RouteDefinitionRouteLocator - RouteDefinition wxy-cloud-iot applying filter {_genkey_0=1} to StripPrefix
2025-06-03 07:50:47.710 [boundedElastic-4] DEBUG o.s.c.gateway.route.RouteDefinitionRouteLocator - RouteDefinition wxy-cloud-iot applying filter {_genkey_0=1} to StripPrefix
2025-06-03 07:50:47.711 [boundedElastic-4] DEBUG o.s.c.gateway.route.RouteDefinitionRouteLocator - RouteDefinition matched: wxy-cloud-iot
2025-06-03 07:50:47.711 [boundedElastic-3] DEBUG o.s.c.gateway.route.RouteDefinitionRouteLocator - RouteDefinition matched: wxy-cloud-iot
2025-06-03 07:50:47.721 [boundedElastic-3] DEBUG o.s.cloud.gateway.filter.GatewayMetricsFilter - New routes count: 5
2025-06-03 07:50:47.739 [boundedElastic-3] DEBUG o.s.c.gateway.route.RouteDefinitionRouteLocator - RouteDefinition ReactiveCompositeDiscoveryClient_wxy-cloud-gateway applying {pattern=/wxy-cloud-gateway/**} to Path
2025-06-03 07:50:47.741 [boundedElastic-3] DEBUG o.s.c.gateway.route.RouteDefinitionRouteLocator - RouteDefinition ReactiveCompositeDiscoveryClient_wxy-cloud-gateway applying filter {regexp=/wxy-cloud-gateway/?(?<remaining>.*), replacement=/${remaining}} to RewritePath
2025-06-03 07:50:47.742 [boundedElastic-3] DEBUG o.s.c.gateway.route.RouteDefinitionRouteLocator - RouteDefinition matched: ReactiveCompositeDiscoveryClient_wxy-cloud-gateway
2025-06-03 07:50:47.742 [boundedElastic-3] DEBUG o.s.c.gateway.route.RouteDefinitionRouteLocator - RouteDefinition wxy-cloud-admin applying {_genkey_0=/share-admin-api/**} to Path
2025-06-03 07:50:47.743 [boundedElastic-3] DEBUG o.s.c.gateway.route.RouteDefinitionRouteLocator - RouteDefinition matched: wxy-cloud-admin
2025-06-03 07:50:47.743 [boundedElastic-3] DEBUG o.s.c.gateway.route.RouteDefinitionRouteLocator - RouteDefinition wxy-cloud-user applying {_genkey_0=/user/**} to Path
2025-06-03 07:50:47.744 [boundedElastic-3] DEBUG o.s.c.gateway.route.RouteDefinitionRouteLocator - RouteDefinition wxy-cloud-user applying filter {_genkey_0=1} to StripPrefix
2025-06-03 07:50:47.744 [boundedElastic-3] DEBUG o.s.c.gateway.route.RouteDefinitionRouteLocator - RouteDefinition matched: wxy-cloud-user
2025-06-03 07:50:47.744 [boundedElastic-3] DEBUG o.s.c.gateway.route.RouteDefinitionRouteLocator - RouteDefinition wxy-cloud-content applying {_genkey_0=/content/**} to Path
2025-06-03 07:50:47.746 [boundedElastic-3] DEBUG o.s.c.gateway.route.RouteDefinitionRouteLocator - RouteDefinition wxy-cloud-content applying filter {_genkey_0=1} to StripPrefix
2025-06-03 07:50:47.747 [boundedElastic-6] DEBUG o.s.cloud.gateway.filter.GatewayMetricsFilter - New routes count: 5
2025-06-03 07:50:47.747 [boundedElastic-3] DEBUG o.s.c.gateway.route.RouteDefinitionRouteLocator - RouteDefinition matched: wxy-cloud-content
2025-06-03 07:50:47.747 [boundedElastic-3] DEBUG o.s.c.gateway.route.RouteDefinitionRouteLocator - RouteDefinition wxy-cloud-iot applying {_genkey_0=/iot/**} to Path
2025-06-03 07:50:47.747 [boundedElastic-3] DEBUG o.s.c.gateway.route.RouteDefinitionRouteLocator - RouteDefinition wxy-cloud-iot applying filter {_genkey_0=1} to StripPrefix
2025-06-03 07:50:47.748 [boundedElastic-3] DEBUG o.s.c.gateway.route.RouteDefinitionRouteLocator - RouteDefinition matched: wxy-cloud-iot
2025-06-03 07:50:47.752 [boundedElastic-3] DEBUG o.s.cloud.gateway.filter.GatewayMetricsFilter - New routes count: 5
2025-06-03 07:50:47.752 [boundedElastic-4] DEBUG o.s.c.gateway.route.RouteDefinitionRouteLocator - RouteDefinition ReactiveCompositeDiscoveryClient_wxy-cloud-gateway applying {pattern=/wxy-cloud-gateway/**} to Path
2025-06-03 07:50:47.754 [boundedElastic-4] DEBUG o.s.c.gateway.route.RouteDefinitionRouteLocator - RouteDefinition ReactiveCompositeDiscoveryClient_wxy-cloud-gateway applying filter {regexp=/wxy-cloud-gateway/?(?<remaining>.*), replacement=/${remaining}} to RewritePath
2025-06-03 07:50:47.754 [boundedElastic-4] DEBUG o.s.c.gateway.route.RouteDefinitionRouteLocator - RouteDefinition matched: ReactiveCompositeDiscoveryClient_wxy-cloud-gateway
2025-06-03 07:50:47.754 [boundedElastic-4] DEBUG o.s.c.gateway.route.RouteDefinitionRouteLocator - RouteDefinition wxy-cloud-admin applying {_genkey_0=/share-admin-api/**} to Path
2025-06-03 07:50:47.756 [boundedElastic-4] DEBUG o.s.c.gateway.route.RouteDefinitionRouteLocator - RouteDefinition matched: wxy-cloud-admin
2025-06-03 07:50:47.756 [boundedElastic-4] DEBUG o.s.c.gateway.route.RouteDefinitionRouteLocator - RouteDefinition wxy-cloud-user applying {_genkey_0=/user/**} to Path
2025-06-03 07:50:47.757 [boundedElastic-4] DEBUG o.s.c.gateway.route.RouteDefinitionRouteLocator - RouteDefinition wxy-cloud-user applying filter {_genkey_0=1} to StripPrefix
2025-06-03 07:50:47.758 [boundedElastic-4] DEBUG o.s.c.gateway.route.RouteDefinitionRouteLocator - RouteDefinition matched: wxy-cloud-user
2025-06-03 07:50:47.758 [boundedElastic-4] DEBUG o.s.c.gateway.route.RouteDefinitionRouteLocator - RouteDefinition wxy-cloud-content applying {_genkey_0=/content/**} to Path
2025-06-03 07:50:47.758 [boundedElastic-4] DEBUG o.s.c.gateway.route.RouteDefinitionRouteLocator - RouteDefinition wxy-cloud-content applying filter {_genkey_0=1} to StripPrefix
2025-06-03 07:50:47.759 [boundedElastic-4] DEBUG o.s.c.gateway.route.RouteDefinitionRouteLocator - RouteDefinition matched: wxy-cloud-content
2025-06-03 07:50:47.759 [boundedElastic-4] DEBUG o.s.c.gateway.route.RouteDefinitionRouteLocator - RouteDefinition wxy-cloud-iot applying {_genkey_0=/iot/**} to Path
2025-06-03 07:50:47.760 [boundedElastic-4] DEBUG o.s.c.gateway.route.RouteDefinitionRouteLocator - RouteDefinition wxy-cloud-iot applying filter {_genkey_0=1} to StripPrefix
2025-06-03 07:50:47.760 [boundedElastic-4] DEBUG o.s.c.gateway.route.RouteDefinitionRouteLocator - RouteDefinition matched: wxy-cloud-iot
2025-06-03 07:51:17.770 [boundedElastic-6] DEBUG o.s.cloud.gateway.filter.GatewayMetricsFilter - New routes count: 6
2025-06-03 07:51:17.771 [boundedElastic-3] DEBUG o.s.c.gateway.route.RouteDefinitionRouteLocator - RouteDefinition ReactiveCompositeDiscoveryClient_wxy-cloud-admin applying {pattern=/wxy-cloud-admin/**} to Path
2025-06-03 07:51:17.771 [boundedElastic-3] DEBUG o.s.c.gateway.route.RouteDefinitionRouteLocator - RouteDefinition ReactiveCompositeDiscoveryClient_wxy-cloud-admin applying filter {regexp=/wxy-cloud-admin/?(?<remaining>.*), replacement=/${remaining}} to RewritePath
2025-06-03 07:51:17.772 [boundedElastic-3] DEBUG o.s.c.gateway.route.RouteDefinitionRouteLocator - RouteDefinition matched: ReactiveCompositeDiscoveryClient_wxy-cloud-admin
2025-06-03 07:51:17.772 [boundedElastic-3] DEBUG o.s.c.gateway.route.RouteDefinitionRouteLocator - RouteDefinition ReactiveCompositeDiscoveryClient_wxy-cloud-gateway applying {pattern=/wxy-cloud-gateway/**} to Path
2025-06-03 07:51:17.773 [boundedElastic-3] DEBUG o.s.c.gateway.route.RouteDefinitionRouteLocator - RouteDefinition ReactiveCompositeDiscoveryClient_wxy-cloud-gateway applying filter {regexp=/wxy-cloud-gateway/?(?<remaining>.*), replacement=/${remaining}} to RewritePath
2025-06-03 07:51:17.774 [boundedElastic-3] DEBUG o.s.c.gateway.route.RouteDefinitionRouteLocator - RouteDefinition matched: ReactiveCompositeDiscoveryClient_wxy-cloud-gateway
2025-06-03 07:51:17.774 [boundedElastic-3] DEBUG o.s.c.gateway.route.RouteDefinitionRouteLocator - RouteDefinition wxy-cloud-admin applying {_genkey_0=/share-admin-api/**} to Path
2025-06-03 07:51:17.775 [boundedElastic-3] DEBUG o.s.c.gateway.route.RouteDefinitionRouteLocator - RouteDefinition matched: wxy-cloud-admin
2025-06-03 07:51:17.775 [boundedElastic-3] DEBUG o.s.c.gateway.route.RouteDefinitionRouteLocator - RouteDefinition wxy-cloud-user applying {_genkey_0=/user/**} to Path
2025-06-03 07:51:17.775 [boundedElastic-3] DEBUG o.s.c.gateway.route.RouteDefinitionRouteLocator - RouteDefinition wxy-cloud-user applying filter {_genkey_0=1} to StripPrefix
2025-06-03 07:51:17.776 [boundedElastic-3] DEBUG o.s.c.gateway.route.RouteDefinitionRouteLocator - RouteDefinition matched: wxy-cloud-user
2025-06-03 07:51:17.776 [boundedElastic-3] DEBUG o.s.c.gateway.route.RouteDefinitionRouteLocator - RouteDefinition wxy-cloud-content applying {_genkey_0=/content/**} to Path
2025-06-03 07:51:17.778 [boundedElastic-3] DEBUG o.s.c.gateway.route.RouteDefinitionRouteLocator - RouteDefinition wxy-cloud-content applying filter {_genkey_0=1} to StripPrefix
2025-06-03 07:51:17.778 [boundedElastic-3] DEBUG o.s.c.gateway.route.RouteDefinitionRouteLocator - RouteDefinition matched: wxy-cloud-content
2025-06-03 07:51:17.778 [boundedElastic-3] DEBUG o.s.c.gateway.route.RouteDefinitionRouteLocator - RouteDefinition wxy-cloud-iot applying {_genkey_0=/iot/**} to Path
2025-06-03 07:51:17.779 [boundedElastic-3] DEBUG o.s.c.gateway.route.RouteDefinitionRouteLocator - RouteDefinition wxy-cloud-iot applying filter {_genkey_0=1} to StripPrefix
2025-06-03 07:51:17.779 [boundedElastic-3] DEBUG o.s.c.gateway.route.RouteDefinitionRouteLocator - RouteDefinition matched: wxy-cloud-iot
2025-06-03 07:51:47.784 [boundedElastic-6] DEBUG o.s.c.gateway.route.RouteDefinitionRouteLocator - RouteDefinition ReactiveCompositeDiscoveryClient_wxy-cloud-admin applying {pattern=/wxy-cloud-admin/**} to Path
2025-06-03 07:51:47.785 [boundedElastic-5] DEBUG o.s.cloud.gateway.filter.GatewayMetricsFilter - New routes count: 6
2025-06-03 07:51:47.785 [boundedElastic-6] DEBUG o.s.c.gateway.route.RouteDefinitionRouteLocator - RouteDefinition ReactiveCompositeDiscoveryClient_wxy-cloud-admin applying filter {regexp=/wxy-cloud-admin/?(?<remaining>.*), replacement=/${remaining}} to RewritePath
2025-06-03 07:51:47.786 [boundedElastic-6] DEBUG o.s.c.gateway.route.RouteDefinitionRouteLocator - RouteDefinition matched: ReactiveCompositeDiscoveryClient_wxy-cloud-admin
2025-06-03 07:51:47.787 [boundedElastic-6] DEBUG o.s.c.gateway.route.RouteDefinitionRouteLocator - RouteDefinition ReactiveCompositeDiscoveryClient_wxy-cloud-gateway applying {pattern=/wxy-cloud-gateway/**} to Path
2025-06-03 07:51:47.788 [boundedElastic-6] DEBUG o.s.c.gateway.route.RouteDefinitionRouteLocator - RouteDefinition ReactiveCompositeDiscoveryClient_wxy-cloud-gateway applying filter {regexp=/wxy-cloud-gateway/?(?<remaining>.*), replacement=/${remaining}} to RewritePath
2025-06-03 07:51:47.789 [boundedElastic-6] DEBUG o.s.c.gateway.route.RouteDefinitionRouteLocator - RouteDefinition matched: ReactiveCompositeDiscoveryClient_wxy-cloud-gateway
2025-06-03 07:51:47.789 [boundedElastic-6] DEBUG o.s.c.gateway.route.RouteDefinitionRouteLocator - RouteDefinition wxy-cloud-admin applying {_genkey_0=/share-admin-api/**} to Path
2025-06-03 07:51:47.790 [boundedElastic-6] DEBUG o.s.c.gateway.route.RouteDefinitionRouteLocator - RouteDefinition matched: wxy-cloud-admin
2025-06-03 07:51:47.790 [boundedElastic-6] DEBUG o.s.c.gateway.route.RouteDefinitionRouteLocator - RouteDefinition wxy-cloud-user applying {_genkey_0=/user/**} to Path
2025-06-03 07:51:47.791 [boundedElastic-6] DEBUG o.s.c.gateway.route.RouteDefinitionRouteLocator - RouteDefinition wxy-cloud-user applying filter {_genkey_0=1} to StripPrefix
2025-06-03 07:51:47.792 [boundedElastic-6] DEBUG o.s.c.gateway.route.RouteDefinitionRouteLocator - RouteDefinition matched: wxy-cloud-user
2025-06-03 07:51:47.792 [boundedElastic-6] DEBUG o.s.c.gateway.route.RouteDefinitionRouteLocator - RouteDefinition wxy-cloud-content applying {_genkey_0=/content/**} to Path
2025-06-03 07:51:47.793 [boundedElastic-6] DEBUG o.s.c.gateway.route.RouteDefinitionRouteLocator - RouteDefinition wxy-cloud-content applying filter {_genkey_0=1} to StripPrefix
2025-06-03 07:51:47.794 [boundedElastic-6] DEBUG o.s.c.gateway.route.RouteDefinitionRouteLocator - RouteDefinition matched: wxy-cloud-content
2025-06-03 07:51:47.794 [boundedElastic-6] DEBUG o.s.c.gateway.route.RouteDefinitionRouteLocator - RouteDefinition wxy-cloud-iot applying {_genkey_0=/iot/**} to Path
2025-06-03 07:51:47.795 [boundedElastic-6] DEBUG o.s.c.gateway.route.RouteDefinitionRouteLocator - RouteDefinition wxy-cloud-iot applying filter {_genkey_0=1} to StripPrefix
2025-06-03 07:51:47.796 [boundedElastic-6] DEBUG o.s.c.gateway.route.RouteDefinitionRouteLocator - RouteDefinition matched: wxy-cloud-iot
2025-06-03 07:52:17.795 [boundedElastic-2] DEBUG o.s.c.gateway.route.RouteDefinitionRouteLocator - RouteDefinition ReactiveCompositeDiscoveryClient_wxy-cloud-admin applying {pattern=/wxy-cloud-admin/**} to Path
2025-06-03 07:52:17.795 [boundedElastic-4] DEBUG o.s.cloud.gateway.filter.GatewayMetricsFilter - New routes count: 6
2025-06-03 07:52:17.796 [boundedElastic-2] DEBUG o.s.c.gateway.route.RouteDefinitionRouteLocator - RouteDefinition ReactiveCompositeDiscoveryClient_wxy-cloud-admin applying filter {regexp=/wxy-cloud-admin/?(?<remaining>.*), replacement=/${remaining}} to RewritePath
2025-06-03 07:52:17.797 [boundedElastic-2] DEBUG o.s.c.gateway.route.RouteDefinitionRouteLocator - RouteDefinition matched: ReactiveCompositeDiscoveryClient_wxy-cloud-admin
2025-06-03 07:52:17.797 [boundedElastic-2] DEBUG o.s.c.gateway.route.RouteDefinitionRouteLocator - RouteDefinition ReactiveCompositeDiscoveryClient_wxy-cloud-gateway applying {pattern=/wxy-cloud-gateway/**} to Path
2025-06-03 07:52:17.798 [boundedElastic-2] DEBUG o.s.c.gateway.route.RouteDefinitionRouteLocator - RouteDefinition ReactiveCompositeDiscoveryClient_wxy-cloud-gateway applying filter {regexp=/wxy-cloud-gateway/?(?<remaining>.*), replacement=/${remaining}} to RewritePath
2025-06-03 07:52:17.798 [boundedElastic-2] DEBUG o.s.c.gateway.route.RouteDefinitionRouteLocator - RouteDefinition matched: ReactiveCompositeDiscoveryClient_wxy-cloud-gateway
2025-06-03 07:52:17.798 [boundedElastic-2] DEBUG o.s.c.gateway.route.RouteDefinitionRouteLocator - RouteDefinition wxy-cloud-admin applying {_genkey_0=/share-admin-api/**} to Path
2025-06-03 07:52:17.799 [boundedElastic-2] DEBUG o.s.c.gateway.route.RouteDefinitionRouteLocator - RouteDefinition matched: wxy-cloud-admin
2025-06-03 07:52:17.799 [boundedElastic-2] DEBUG o.s.c.gateway.route.RouteDefinitionRouteLocator - RouteDefinition wxy-cloud-user applying {_genkey_0=/user/**} to Path
2025-06-03 07:52:17.801 [boundedElastic-2] DEBUG o.s.c.gateway.route.RouteDefinitionRouteLocator - RouteDefinition wxy-cloud-user applying filter {_genkey_0=1} to StripPrefix
2025-06-03 07:52:17.801 [boundedElastic-2] DEBUG o.s.c.gateway.route.RouteDefinitionRouteLocator - RouteDefinition matched: wxy-cloud-user
2025-06-03 07:52:17.802 [boundedElastic-2] DEBUG o.s.c.gateway.route.RouteDefinitionRouteLocator - RouteDefinition wxy-cloud-content applying {_genkey_0=/content/**} to Path
2025-06-03 07:52:17.802 [boundedElastic-2] DEBUG o.s.c.gateway.route.RouteDefinitionRouteLocator - RouteDefinition wxy-cloud-content applying filter {_genkey_0=1} to StripPrefix
2025-06-03 07:52:17.803 [boundedElastic-2] DEBUG o.s.c.gateway.route.RouteDefinitionRouteLocator - RouteDefinition matched: wxy-cloud-content
2025-06-03 07:52:17.803 [boundedElastic-2] DEBUG o.s.c.gateway.route.RouteDefinitionRouteLocator - RouteDefinition wxy-cloud-iot applying {_genkey_0=/iot/**} to Path
2025-06-03 07:52:17.803 [boundedElastic-2] DEBUG o.s.c.gateway.route.RouteDefinitionRouteLocator - RouteDefinition wxy-cloud-iot applying filter {_genkey_0=1} to StripPrefix
2025-06-03 07:52:17.804 [boundedElastic-2] DEBUG o.s.c.gateway.route.RouteDefinitionRouteLocator - RouteDefinition matched: wxy-cloud-iot
2025-06-03 07:52:47.808 [boundedElastic-4] DEBUG o.s.c.gateway.route.RouteDefinitionRouteLocator - RouteDefinition ReactiveCompositeDiscoveryClient_wxy-cloud-admin applying {pattern=/wxy-cloud-admin/**} to Path
2025-06-03 07:52:47.809 [boundedElastic-6] DEBUG o.s.cloud.gateway.filter.GatewayMetricsFilter - New routes count: 6
2025-06-03 07:52:47.809 [boundedElastic-4] DEBUG o.s.c.gateway.route.RouteDefinitionRouteLocator - RouteDefinition ReactiveCompositeDiscoveryClient_wxy-cloud-admin applying filter {regexp=/wxy-cloud-admin/?(?<remaining>.*), replacement=/${remaining}} to RewritePath
2025-06-03 07:52:47.810 [boundedElastic-4] DEBUG o.s.c.gateway.route.RouteDefinitionRouteLocator - RouteDefinition matched: ReactiveCompositeDiscoveryClient_wxy-cloud-admin
2025-06-03 07:52:47.810 [boundedElastic-4] DEBUG o.s.c.gateway.route.RouteDefinitionRouteLocator - RouteDefinition ReactiveCompositeDiscoveryClient_wxy-cloud-gateway applying {pattern=/wxy-cloud-gateway/**} to Path
2025-06-03 07:52:47.811 [boundedElastic-4] DEBUG o.s.c.gateway.route.RouteDefinitionRouteLocator - RouteDefinition ReactiveCompositeDiscoveryClient_wxy-cloud-gateway applying filter {regexp=/wxy-cloud-gateway/?(?<remaining>.*), replacement=/${remaining}} to RewritePath
2025-06-03 07:52:47.811 [boundedElastic-4] DEBUG o.s.c.gateway.route.RouteDefinitionRouteLocator - RouteDefinition matched: ReactiveCompositeDiscoveryClient_wxy-cloud-gateway
2025-06-03 07:52:47.811 [boundedElastic-4] DEBUG o.s.c.gateway.route.RouteDefinitionRouteLocator - RouteDefinition wxy-cloud-admin applying {_genkey_0=/share-admin-api/**} to Path
2025-06-03 07:52:47.812 [boundedElastic-4] DEBUG o.s.c.gateway.route.RouteDefinitionRouteLocator - RouteDefinition matched: wxy-cloud-admin
2025-06-03 07:52:47.812 [boundedElastic-4] DEBUG o.s.c.gateway.route.RouteDefinitionRouteLocator - RouteDefinition wxy-cloud-user applying {_genkey_0=/user/**} to Path
2025-06-03 07:52:47.812 [boundedElastic-4] DEBUG o.s.c.gateway.route.RouteDefinitionRouteLocator - RouteDefinition wxy-cloud-user applying filter {_genkey_0=1} to StripPrefix
2025-06-03 07:52:47.813 [boundedElastic-4] DEBUG o.s.c.gateway.route.RouteDefinitionRouteLocator - RouteDefinition matched: wxy-cloud-user
2025-06-03 07:52:47.813 [boundedElastic-4] DEBUG o.s.c.gateway.route.RouteDefinitionRouteLocator - RouteDefinition wxy-cloud-content applying {_genkey_0=/content/**} to Path
2025-06-03 07:52:47.813 [boundedElastic-4] DEBUG o.s.c.gateway.route.RouteDefinitionRouteLocator - RouteDefinition wxy-cloud-content applying filter {_genkey_0=1} to StripPrefix
2025-06-03 07:52:47.814 [boundedElastic-4] DEBUG o.s.c.gateway.route.RouteDefinitionRouteLocator - RouteDefinition matched: wxy-cloud-content
2025-06-03 07:52:47.814 [boundedElastic-4] DEBUG o.s.c.gateway.route.RouteDefinitionRouteLocator - RouteDefinition wxy-cloud-iot applying {_genkey_0=/iot/**} to Path
2025-06-03 07:52:47.814 [boundedElastic-4] DEBUG o.s.c.gateway.route.RouteDefinitionRouteLocator - RouteDefinition wxy-cloud-iot applying filter {_genkey_0=1} to StripPrefix
2025-06-03 07:52:47.816 [boundedElastic-4] DEBUG o.s.c.gateway.route.RouteDefinitionRouteLocator - RouteDefinition matched: wxy-cloud-iot
2025-06-03 07:53:17.817 [boundedElastic-3] DEBUG o.s.c.gateway.route.RouteDefinitionRouteLocator - RouteDefinition ReactiveCompositeDiscoveryClient_wxy-cloud-admin applying {pattern=/wxy-cloud-admin/**} to Path
2025-06-03 07:53:17.817 [boundedElastic-4] DEBUG o.s.cloud.gateway.filter.GatewayMetricsFilter - New routes count: 6
2025-06-03 07:53:17.817 [boundedElastic-3] DEBUG o.s.c.gateway.route.RouteDefinitionRouteLocator - RouteDefinition ReactiveCompositeDiscoveryClient_wxy-cloud-admin applying filter {regexp=/wxy-cloud-admin/?(?<remaining>.*), replacement=/${remaining}} to RewritePath
2025-06-03 07:53:17.818 [boundedElastic-3] DEBUG o.s.c.gateway.route.RouteDefinitionRouteLocator - RouteDefinition matched: ReactiveCompositeDiscoveryClient_wxy-cloud-admin
2025-06-03 07:53:17.818 [boundedElastic-3] DEBUG o.s.c.gateway.route.RouteDefinitionRouteLocator - RouteDefinition ReactiveCompositeDiscoveryClient_wxy-cloud-gateway applying {pattern=/wxy-cloud-gateway/**} to Path
2025-06-03 07:53:17.818 [boundedElastic-3] DEBUG o.s.c.gateway.route.RouteDefinitionRouteLocator - RouteDefinition ReactiveCompositeDiscoveryClient_wxy-cloud-gateway applying filter {regexp=/wxy-cloud-gateway/?(?<remaining>.*), replacement=/${remaining}} to RewritePath
2025-06-03 07:53:17.819 [boundedElastic-3] DEBUG o.s.c.gateway.route.RouteDefinitionRouteLocator - RouteDefinition matched: ReactiveCompositeDiscoveryClient_wxy-cloud-gateway
2025-06-03 07:53:17.819 [boundedElastic-3] DEBUG o.s.c.gateway.route.RouteDefinitionRouteLocator - RouteDefinition wxy-cloud-admin applying {_genkey_0=/share-admin-api/**} to Path
2025-06-03 07:53:17.819 [boundedElastic-3] DEBUG o.s.c.gateway.route.RouteDefinitionRouteLocator - RouteDefinition matched: wxy-cloud-admin
2025-06-03 07:53:17.819 [boundedElastic-3] DEBUG o.s.c.gateway.route.RouteDefinitionRouteLocator - RouteDefinition wxy-cloud-user applying {_genkey_0=/user/**} to Path
2025-06-03 07:53:17.819 [boundedElastic-3] DEBUG o.s.c.gateway.route.RouteDefinitionRouteLocator - RouteDefinition wxy-cloud-user applying filter {_genkey_0=1} to StripPrefix
2025-06-03 07:53:17.819 [boundedElastic-3] DEBUG o.s.c.gateway.route.RouteDefinitionRouteLocator - RouteDefinition matched: wxy-cloud-user
2025-06-03 07:53:17.819 [boundedElastic-3] DEBUG o.s.c.gateway.route.RouteDefinitionRouteLocator - RouteDefinition wxy-cloud-content applying {_genkey_0=/content/**} to Path
2025-06-03 07:53:17.820 [boundedElastic-3] DEBUG o.s.c.gateway.route.RouteDefinitionRouteLocator - RouteDefinition wxy-cloud-content applying filter {_genkey_0=1} to StripPrefix
2025-06-03 07:53:17.820 [boundedElastic-3] DEBUG o.s.c.gateway.route.RouteDefinitionRouteLocator - RouteDefinition matched: wxy-cloud-content
2025-06-03 07:53:17.820 [boundedElastic-3] DEBUG o.s.c.gateway.route.RouteDefinitionRouteLocator - RouteDefinition wxy-cloud-iot applying {_genkey_0=/iot/**} to Path
2025-06-03 07:53:17.822 [boundedElastic-3] DEBUG o.s.c.gateway.route.RouteDefinitionRouteLocator - RouteDefinition wxy-cloud-iot applying filter {_genkey_0=1} to StripPrefix
2025-06-03 07:53:17.822 [boundedElastic-3] DEBUG o.s.c.gateway.route.RouteDefinitionRouteLocator - RouteDefinition matched: wxy-cloud-iot
2025-06-03 07:53:47.825 [boundedElastic-5] DEBUG o.s.c.gateway.route.RouteDefinitionRouteLocator - RouteDefinition ReactiveCompositeDiscoveryClient_wxy-cloud-admin applying {pattern=/wxy-cloud-admin/**} to Path
2025-06-03 07:53:47.826 [boundedElastic-3] DEBUG o.s.cloud.gateway.filter.GatewayMetricsFilter - New routes count: 6
2025-06-03 07:53:47.826 [boundedElastic-5] DEBUG o.s.c.gateway.route.RouteDefinitionRouteLocator - RouteDefinition ReactiveCompositeDiscoveryClient_wxy-cloud-admin applying filter {regexp=/wxy-cloud-admin/?(?<remaining>.*), replacement=/${remaining}} to RewritePath
2025-06-03 07:53:47.826 [boundedElastic-5] DEBUG o.s.c.gateway.route.RouteDefinitionRouteLocator - RouteDefinition matched: ReactiveCompositeDiscoveryClient_wxy-cloud-admin
2025-06-03 07:53:47.826 [boundedElastic-5] DEBUG o.s.c.gateway.route.RouteDefinitionRouteLocator - RouteDefinition ReactiveCompositeDiscoveryClient_wxy-cloud-gateway applying {pattern=/wxy-cloud-gateway/**} to Path
2025-06-03 07:53:47.826 [boundedElastic-5] DEBUG o.s.c.gateway.route.RouteDefinitionRouteLocator - RouteDefinition ReactiveCompositeDiscoveryClient_wxy-cloud-gateway applying filter {regexp=/wxy-cloud-gateway/?(?<remaining>.*), replacement=/${remaining}} to RewritePath
2025-06-03 07:53:47.827 [boundedElastic-5] DEBUG o.s.c.gateway.route.RouteDefinitionRouteLocator - RouteDefinition matched: ReactiveCompositeDiscoveryClient_wxy-cloud-gateway
2025-06-03 07:53:47.827 [boundedElastic-5] DEBUG o.s.c.gateway.route.RouteDefinitionRouteLocator - RouteDefinition wxy-cloud-admin applying {_genkey_0=/share-admin-api/**} to Path
2025-06-03 07:53:47.829 [boundedElastic-5] DEBUG o.s.c.gateway.route.RouteDefinitionRouteLocator - RouteDefinition matched: wxy-cloud-admin
2025-06-03 07:53:47.829 [boundedElastic-5] DEBUG o.s.c.gateway.route.RouteDefinitionRouteLocator - RouteDefinition wxy-cloud-user applying {_genkey_0=/user/**} to Path
2025-06-03 07:53:47.830 [boundedElastic-5] DEBUG o.s.c.gateway.route.RouteDefinitionRouteLocator - RouteDefinition wxy-cloud-user applying filter {_genkey_0=1} to StripPrefix
2025-06-03 07:53:47.831 [boundedElastic-5] DEBUG o.s.c.gateway.route.RouteDefinitionRouteLocator - RouteDefinition matched: wxy-cloud-user
2025-06-03 07:53:47.831 [boundedElastic-5] DEBUG o.s.c.gateway.route.RouteDefinitionRouteLocator - RouteDefinition wxy-cloud-content applying {_genkey_0=/content/**} to Path
2025-06-03 07:53:47.831 [boundedElastic-5] DEBUG o.s.c.gateway.route.RouteDefinitionRouteLocator - RouteDefinition wxy-cloud-content applying filter {_genkey_0=1} to StripPrefix
2025-06-03 07:53:47.832 [boundedElastic-5] DEBUG o.s.c.gateway.route.RouteDefinitionRouteLocator - RouteDefinition matched: wxy-cloud-content
2025-06-03 07:53:47.832 [boundedElastic-5] DEBUG o.s.c.gateway.route.RouteDefinitionRouteLocator - RouteDefinition wxy-cloud-iot applying {_genkey_0=/iot/**} to Path
2025-06-03 07:53:47.832 [boundedElastic-5] DEBUG o.s.c.gateway.route.RouteDefinitionRouteLocator - RouteDefinition wxy-cloud-iot applying filter {_genkey_0=1} to StripPrefix
2025-06-03 07:53:47.832 [boundedElastic-5] DEBUG o.s.c.gateway.route.RouteDefinitionRouteLocator - RouteDefinition matched: wxy-cloud-iot
2025-06-03 07:54:17.836 [boundedElastic-3] DEBUG o.s.cloud.gateway.filter.GatewayMetricsFilter - New routes count: 6
2025-06-03 07:54:17.836 [boundedElastic-2] DEBUG o.s.c.gateway.route.RouteDefinitionRouteLocator - RouteDefinition ReactiveCompositeDiscoveryClient_wxy-cloud-admin applying {pattern=/wxy-cloud-admin/**} to Path
2025-06-03 07:54:17.837 [boundedElastic-2] DEBUG o.s.c.gateway.route.RouteDefinitionRouteLocator - RouteDefinition ReactiveCompositeDiscoveryClient_wxy-cloud-admin applying filter {regexp=/wxy-cloud-admin/?(?<remaining>.*), replacement=/${remaining}} to RewritePath
2025-06-03 07:54:17.837 [boundedElastic-2] DEBUG o.s.c.gateway.route.RouteDefinitionRouteLocator - RouteDefinition matched: ReactiveCompositeDiscoveryClient_wxy-cloud-admin
2025-06-03 07:54:17.838 [boundedElastic-2] DEBUG o.s.c.gateway.route.RouteDefinitionRouteLocator - RouteDefinition ReactiveCompositeDiscoveryClient_wxy-cloud-gateway applying {pattern=/wxy-cloud-gateway/**} to Path
2025-06-03 07:54:17.839 [boundedElastic-2] DEBUG o.s.c.gateway.route.RouteDefinitionRouteLocator - RouteDefinition ReactiveCompositeDiscoveryClient_wxy-cloud-gateway applying filter {regexp=/wxy-cloud-gateway/?(?<remaining>.*), replacement=/${remaining}} to RewritePath
2025-06-03 07:54:17.839 [boundedElastic-2] DEBUG o.s.c.gateway.route.RouteDefinitionRouteLocator - RouteDefinition matched: ReactiveCompositeDiscoveryClient_wxy-cloud-gateway
2025-06-03 07:54:17.840 [boundedElastic-2] DEBUG o.s.c.gateway.route.RouteDefinitionRouteLocator - RouteDefinition wxy-cloud-admin applying {_genkey_0=/share-admin-api/**} to Path
2025-06-03 07:54:17.840 [boundedElastic-2] DEBUG o.s.c.gateway.route.RouteDefinitionRouteLocator - RouteDefinition matched: wxy-cloud-admin
2025-06-03 07:54:17.840 [boundedElastic-2] DEBUG o.s.c.gateway.route.RouteDefinitionRouteLocator - RouteDefinition wxy-cloud-user applying {_genkey_0=/user/**} to Path
2025-06-03 07:54:17.841 [boundedElastic-2] DEBUG o.s.c.gateway.route.RouteDefinitionRouteLocator - RouteDefinition wxy-cloud-user applying filter {_genkey_0=1} to StripPrefix
2025-06-03 07:54:17.841 [boundedElastic-2] DEBUG o.s.c.gateway.route.RouteDefinitionRouteLocator - RouteDefinition matched: wxy-cloud-user
2025-06-03 07:54:17.841 [boundedElastic-2] DEBUG o.s.c.gateway.route.RouteDefinitionRouteLocator - RouteDefinition wxy-cloud-content applying {_genkey_0=/content/**} to Path
2025-06-03 07:54:17.841 [boundedElastic-2] DEBUG o.s.c.gateway.route.RouteDefinitionRouteLocator - RouteDefinition wxy-cloud-content applying filter {_genkey_0=1} to StripPrefix
2025-06-03 07:54:17.842 [boundedElastic-2] DEBUG o.s.c.gateway.route.RouteDefinitionRouteLocator - RouteDefinition matched: wxy-cloud-content
2025-06-03 07:54:17.842 [boundedElastic-2] DEBUG o.s.c.gateway.route.RouteDefinitionRouteLocator - RouteDefinition wxy-cloud-iot applying {_genkey_0=/iot/**} to Path
2025-06-03 07:54:17.843 [boundedElastic-2] DEBUG o.s.c.gateway.route.RouteDefinitionRouteLocator - RouteDefinition wxy-cloud-iot applying filter {_genkey_0=1} to StripPrefix
2025-06-03 07:54:17.843 [boundedElastic-2] DEBUG o.s.c.gateway.route.RouteDefinitionRouteLocator - RouteDefinition matched: wxy-cloud-iot
2025-06-03 07:54:47.844 [boundedElastic-6] DEBUG o.s.c.gateway.route.RouteDefinitionRouteLocator - RouteDefinition ReactiveCompositeDiscoveryClient_wxy-cloud-admin applying {pattern=/wxy-cloud-admin/**} to Path
2025-06-03 07:54:47.845 [boundedElastic-2] DEBUG o.s.cloud.gateway.filter.GatewayMetricsFilter - New routes count: 6
2025-06-03 07:54:47.845 [boundedElastic-6] DEBUG o.s.c.gateway.route.RouteDefinitionRouteLocator - RouteDefinition ReactiveCompositeDiscoveryClient_wxy-cloud-admin applying filter {regexp=/wxy-cloud-admin/?(?<remaining>.*), replacement=/${remaining}} to RewritePath
2025-06-03 07:54:47.846 [boundedElastic-6] DEBUG o.s.c.gateway.route.RouteDefinitionRouteLocator - RouteDefinition matched: ReactiveCompositeDiscoveryClient_wxy-cloud-admin
2025-06-03 07:54:47.846 [boundedElastic-6] DEBUG o.s.c.gateway.route.RouteDefinitionRouteLocator - RouteDefinition ReactiveCompositeDiscoveryClient_wxy-cloud-gateway applying {pattern=/wxy-cloud-gateway/**} to Path
2025-06-03 07:54:47.847 [boundedElastic-6] DEBUG o.s.c.gateway.route.RouteDefinitionRouteLocator - RouteDefinition ReactiveCompositeDiscoveryClient_wxy-cloud-gateway applying filter {regexp=/wxy-cloud-gateway/?(?<remaining>.*), replacement=/${remaining}} to RewritePath
2025-06-03 07:54:47.847 [boundedElastic-6] DEBUG o.s.c.gateway.route.RouteDefinitionRouteLocator - RouteDefinition matched: ReactiveCompositeDiscoveryClient_wxy-cloud-gateway
2025-06-03 07:54:47.847 [boundedElastic-6] DEBUG o.s.c.gateway.route.RouteDefinitionRouteLocator - RouteDefinition wxy-cloud-admin applying {_genkey_0=/share-admin-api/**} to Path
2025-06-03 07:54:47.847 [boundedElastic-6] DEBUG o.s.c.gateway.route.RouteDefinitionRouteLocator - RouteDefinition matched: wxy-cloud-admin
2025-06-03 07:54:47.847 [boundedElastic-6] DEBUG o.s.c.gateway.route.RouteDefinitionRouteLocator - RouteDefinition wxy-cloud-user applying {_genkey_0=/user/**} to Path
2025-06-03 07:54:47.848 [boundedElastic-6] DEBUG o.s.c.gateway.route.RouteDefinitionRouteLocator - RouteDefinition wxy-cloud-user applying filter {_genkey_0=1} to StripPrefix
2025-06-03 07:54:47.848 [boundedElastic-6] DEBUG o.s.c.gateway.route.RouteDefinitionRouteLocator - RouteDefinition matched: wxy-cloud-user
2025-06-03 07:54:47.848 [boundedElastic-6] DEBUG o.s.c.gateway.route.RouteDefinitionRouteLocator - RouteDefinition wxy-cloud-content applying {_genkey_0=/content/**} to Path
2025-06-03 07:54:47.848 [boundedElastic-6] DEBUG o.s.c.gateway.route.RouteDefinitionRouteLocator - RouteDefinition wxy-cloud-content applying filter {_genkey_0=1} to StripPrefix
2025-06-03 07:54:47.849 [boundedElastic-6] DEBUG o.s.c.gateway.route.RouteDefinitionRouteLocator - RouteDefinition matched: wxy-cloud-content
2025-06-03 07:54:47.849 [boundedElastic-6] DEBUG o.s.c.gateway.route.RouteDefinitionRouteLocator - RouteDefinition wxy-cloud-iot applying {_genkey_0=/iot/**} to Path
2025-06-03 07:54:47.849 [boundedElastic-6] DEBUG o.s.c.gateway.route.RouteDefinitionRouteLocator - RouteDefinition wxy-cloud-iot applying filter {_genkey_0=1} to StripPrefix
2025-06-03 07:54:47.849 [boundedElastic-6] DEBUG o.s.c.gateway.route.RouteDefinitionRouteLocator - RouteDefinition matched: wxy-cloud-iot
2025-06-03 07:55:17.853 [boundedElastic-4] DEBUG o.s.cloud.gateway.filter.GatewayMetricsFilter - New routes count: 6
2025-06-03 07:55:17.853 [boundedElastic-2] DEBUG o.s.c.gateway.route.RouteDefinitionRouteLocator - RouteDefinition ReactiveCompositeDiscoveryClient_wxy-cloud-admin applying {pattern=/wxy-cloud-admin/**} to Path
2025-06-03 07:55:17.853 [boundedElastic-2] DEBUG o.s.c.gateway.route.RouteDefinitionRouteLocator - RouteDefinition ReactiveCompositeDiscoveryClient_wxy-cloud-admin applying filter {regexp=/wxy-cloud-admin/?(?<remaining>.*), replacement=/${remaining}} to RewritePath
2025-06-03 07:55:17.854 [boundedElastic-2] DEBUG o.s.c.gateway.route.RouteDefinitionRouteLocator - RouteDefinition matched: ReactiveCompositeDiscoveryClient_wxy-cloud-admin
2025-06-03 07:55:17.854 [boundedElastic-2] DEBUG o.s.c.gateway.route.RouteDefinitionRouteLocator - RouteDefinition ReactiveCompositeDiscoveryClient_wxy-cloud-gateway applying {pattern=/wxy-cloud-gateway/**} to Path
2025-06-03 07:55:17.854 [boundedElastic-2] DEBUG o.s.c.gateway.route.RouteDefinitionRouteLocator - RouteDefinition ReactiveCompositeDiscoveryClient_wxy-cloud-gateway applying filter {regexp=/wxy-cloud-gateway/?(?<remaining>.*), replacement=/${remaining}} to RewritePath
2025-06-03 07:55:17.855 [boundedElastic-2] DEBUG o.s.c.gateway.route.RouteDefinitionRouteLocator - RouteDefinition matched: ReactiveCompositeDiscoveryClient_wxy-cloud-gateway
2025-06-03 07:55:17.855 [boundedElastic-2] DEBUG o.s.c.gateway.route.RouteDefinitionRouteLocator - RouteDefinition wxy-cloud-admin applying {_genkey_0=/share-admin-api/**} to Path
2025-06-03 07:55:17.855 [boundedElastic-2] DEBUG o.s.c.gateway.route.RouteDefinitionRouteLocator - RouteDefinition matched: wxy-cloud-admin
2025-06-03 07:55:17.855 [boundedElastic-2] DEBUG o.s.c.gateway.route.RouteDefinitionRouteLocator - RouteDefinition wxy-cloud-user applying {_genkey_0=/user/**} to Path
2025-06-03 07:55:17.855 [boundedElastic-2] DEBUG o.s.c.gateway.route.RouteDefinitionRouteLocator - RouteDefinition wxy-cloud-user applying filter {_genkey_0=1} to StripPrefix
2025-06-03 07:55:17.855 [boundedElastic-2] DEBUG o.s.c.gateway.route.RouteDefinitionRouteLocator - RouteDefinition matched: wxy-cloud-user
2025-06-03 07:55:17.855 [boundedElastic-2] DEBUG o.s.c.gateway.route.RouteDefinitionRouteLocator - RouteDefinition wxy-cloud-content applying {_genkey_0=/content/**} to Path
2025-06-03 07:55:17.856 [boundedElastic-2] DEBUG o.s.c.gateway.route.RouteDefinitionRouteLocator - RouteDefinition wxy-cloud-content applying filter {_genkey_0=1} to StripPrefix
2025-06-03 07:55:17.856 [boundedElastic-2] DEBUG o.s.c.gateway.route.RouteDefinitionRouteLocator - RouteDefinition matched: wxy-cloud-content
2025-06-03 07:55:17.856 [boundedElastic-2] DEBUG o.s.c.gateway.route.RouteDefinitionRouteLocator - RouteDefinition wxy-cloud-iot applying {_genkey_0=/iot/**} to Path
2025-06-03 07:55:17.857 [boundedElastic-2] DEBUG o.s.c.gateway.route.RouteDefinitionRouteLocator - RouteDefinition wxy-cloud-iot applying filter {_genkey_0=1} to StripPrefix
2025-06-03 07:55:17.859 [boundedElastic-2] DEBUG o.s.c.gateway.route.RouteDefinitionRouteLocator - RouteDefinition matched: wxy-cloud-iot
2025-06-03 07:55:47.861 [boundedElastic-6] DEBUG o.s.cloud.gateway.filter.GatewayMetricsFilter - New routes count: 6
2025-06-03 07:55:47.861 [boundedElastic-2] DEBUG o.s.c.gateway.route.RouteDefinitionRouteLocator - RouteDefinition ReactiveCompositeDiscoveryClient_wxy-cloud-admin applying {pattern=/wxy-cloud-admin/**} to Path
2025-06-03 07:55:47.861 [boundedElastic-2] DEBUG o.s.c.gateway.route.RouteDefinitionRouteLocator - RouteDefinition ReactiveCompositeDiscoveryClient_wxy-cloud-admin applying filter {regexp=/wxy-cloud-admin/?(?<remaining>.*), replacement=/${remaining}} to RewritePath
2025-06-03 07:55:47.862 [boundedElastic-2] DEBUG o.s.c.gateway.route.RouteDefinitionRouteLocator - RouteDefinition matched: ReactiveCompositeDiscoveryClient_wxy-cloud-admin
2025-06-03 07:55:47.862 [boundedElastic-2] DEBUG o.s.c.gateway.route.RouteDefinitionRouteLocator - RouteDefinition ReactiveCompositeDiscoveryClient_wxy-cloud-gateway applying {pattern=/wxy-cloud-gateway/**} to Path
2025-06-03 07:55:47.862 [boundedElastic-2] DEBUG o.s.c.gateway.route.RouteDefinitionRouteLocator - RouteDefinition ReactiveCompositeDiscoveryClient_wxy-cloud-gateway applying filter {regexp=/wxy-cloud-gateway/?(?<remaining>.*), replacement=/${remaining}} to RewritePath
2025-06-03 07:55:47.863 [boundedElastic-2] DEBUG o.s.c.gateway.route.RouteDefinitionRouteLocator - RouteDefinition matched: ReactiveCompositeDiscoveryClient_wxy-cloud-gateway
2025-06-03 07:55:47.863 [boundedElastic-2] DEBUG o.s.c.gateway.route.RouteDefinitionRouteLocator - RouteDefinition wxy-cloud-admin applying {_genkey_0=/share-admin-api/**} to Path
2025-06-03 07:55:47.864 [boundedElastic-2] DEBUG o.s.c.gateway.route.RouteDefinitionRouteLocator - RouteDefinition matched: wxy-cloud-admin
2025-06-03 07:55:47.864 [boundedElastic-2] DEBUG o.s.c.gateway.route.RouteDefinitionRouteLocator - RouteDefinition wxy-cloud-user applying {_genkey_0=/user/**} to Path
2025-06-03 07:55:47.864 [boundedElastic-2] DEBUG o.s.c.gateway.route.RouteDefinitionRouteLocator - RouteDefinition wxy-cloud-user applying filter {_genkey_0=1} to StripPrefix
2025-06-03 07:55:47.865 [boundedElastic-2] DEBUG o.s.c.gateway.route.RouteDefinitionRouteLocator - RouteDefinition matched: wxy-cloud-user
2025-06-03 07:55:47.865 [boundedElastic-2] DEBUG o.s.c.gateway.route.RouteDefinitionRouteLocator - RouteDefinition wxy-cloud-content applying {_genkey_0=/content/**} to Path
2025-06-03 07:55:47.866 [boundedElastic-2] DEBUG o.s.c.gateway.route.RouteDefinitionRouteLocator - RouteDefinition wxy-cloud-content applying filter {_genkey_0=1} to StripPrefix
2025-06-03 07:55:47.866 [boundedElastic-2] DEBUG o.s.c.gateway.route.RouteDefinitionRouteLocator - RouteDefinition matched: wxy-cloud-content
2025-06-03 07:55:47.866 [boundedElastic-2] DEBUG o.s.c.gateway.route.RouteDefinitionRouteLocator - RouteDefinition wxy-cloud-iot applying {_genkey_0=/iot/**} to Path
2025-06-03 07:55:47.867 [boundedElastic-2] DEBUG o.s.c.gateway.route.RouteDefinitionRouteLocator - RouteDefinition wxy-cloud-iot applying filter {_genkey_0=1} to StripPrefix
2025-06-03 07:55:47.867 [boundedElastic-2] DEBUG o.s.c.gateway.route.RouteDefinitionRouteLocator - RouteDefinition matched: wxy-cloud-iot
2025-06-03 07:56:17.870 [boundedElastic-4] DEBUG o.s.c.gateway.route.RouteDefinitionRouteLocator - RouteDefinition ReactiveCompositeDiscoveryClient_wxy-cloud-admin applying {pattern=/wxy-cloud-admin/**} to Path
2025-06-03 07:56:17.870 [boundedElastic-3] DEBUG o.s.cloud.gateway.filter.GatewayMetricsFilter - New routes count: 6
2025-06-03 07:56:17.870 [boundedElastic-4] DEBUG o.s.c.gateway.route.RouteDefinitionRouteLocator - RouteDefinition ReactiveCompositeDiscoveryClient_wxy-cloud-admin applying filter {regexp=/wxy-cloud-admin/?(?<remaining>.*), replacement=/${remaining}} to RewritePath
2025-06-03 07:56:17.871 [boundedElastic-4] DEBUG o.s.c.gateway.route.RouteDefinitionRouteLocator - RouteDefinition matched: ReactiveCompositeDiscoveryClient_wxy-cloud-admin
2025-06-03 07:56:17.871 [boundedElastic-4] DEBUG o.s.c.gateway.route.RouteDefinitionRouteLocator - RouteDefinition ReactiveCompositeDiscoveryClient_wxy-cloud-gateway applying {pattern=/wxy-cloud-gateway/**} to Path
2025-06-03 07:56:17.871 [boundedElastic-4] DEBUG o.s.c.gateway.route.RouteDefinitionRouteLocator - RouteDefinition ReactiveCompositeDiscoveryClient_wxy-cloud-gateway applying filter {regexp=/wxy-cloud-gateway/?(?<remaining>.*), replacement=/${remaining}} to RewritePath
2025-06-03 07:56:17.871 [boundedElastic-4] DEBUG o.s.c.gateway.route.RouteDefinitionRouteLocator - RouteDefinition matched: ReactiveCompositeDiscoveryClient_wxy-cloud-gateway
2025-06-03 07:56:17.871 [boundedElastic-4] DEBUG o.s.c.gateway.route.RouteDefinitionRouteLocator - RouteDefinition wxy-cloud-admin applying {_genkey_0=/share-admin-api/**} to Path
2025-06-03 07:56:17.872 [boundedElastic-4] DEBUG o.s.c.gateway.route.RouteDefinitionRouteLocator - RouteDefinition matched: wxy-cloud-admin
2025-06-03 07:56:17.872 [boundedElastic-4] DEBUG o.s.c.gateway.route.RouteDefinitionRouteLocator - RouteDefinition wxy-cloud-user applying {_genkey_0=/user/**} to Path
2025-06-03 07:56:17.872 [boundedElastic-4] DEBUG o.s.c.gateway.route.RouteDefinitionRouteLocator - RouteDefinition wxy-cloud-user applying filter {_genkey_0=1} to StripPrefix
2025-06-03 07:56:17.872 [boundedElastic-4] DEBUG o.s.c.gateway.route.RouteDefinitionRouteLocator - RouteDefinition matched: wxy-cloud-user
2025-06-03 07:56:17.872 [boundedElastic-4] DEBUG o.s.c.gateway.route.RouteDefinitionRouteLocator - RouteDefinition wxy-cloud-content applying {_genkey_0=/content/**} to Path
2025-06-03 07:56:17.873 [boundedElastic-4] DEBUG o.s.c.gateway.route.RouteDefinitionRouteLocator - RouteDefinition wxy-cloud-content applying filter {_genkey_0=1} to StripPrefix
2025-06-03 07:56:17.873 [boundedElastic-4] DEBUG o.s.c.gateway.route.RouteDefinitionRouteLocator - RouteDefinition matched: wxy-cloud-content
2025-06-03 07:56:17.873 [boundedElastic-4] DEBUG o.s.c.gateway.route.RouteDefinitionRouteLocator - RouteDefinition wxy-cloud-iot applying {_genkey_0=/iot/**} to Path
2025-06-03 07:56:17.873 [boundedElastic-4] DEBUG o.s.c.gateway.route.RouteDefinitionRouteLocator - RouteDefinition wxy-cloud-iot applying filter {_genkey_0=1} to StripPrefix
2025-06-03 07:56:17.873 [boundedElastic-4] DEBUG o.s.c.gateway.route.RouteDefinitionRouteLocator - RouteDefinition matched: wxy-cloud-iot
2025-06-03 07:56:47.876 [boundedElastic-2] DEBUG o.s.c.gateway.route.RouteDefinitionRouteLocator - RouteDefinition ReactiveCompositeDiscoveryClient_wxy-cloud-admin applying {pattern=/wxy-cloud-admin/**} to Path
2025-06-03 07:56:47.876 [boundedElastic-5] DEBUG o.s.cloud.gateway.filter.GatewayMetricsFilter - New routes count: 6
2025-06-03 07:56:47.876 [boundedElastic-2] DEBUG o.s.c.gateway.route.RouteDefinitionRouteLocator - RouteDefinition ReactiveCompositeDiscoveryClient_wxy-cloud-admin applying filter {regexp=/wxy-cloud-admin/?(?<remaining>.*), replacement=/${remaining}} to RewritePath
2025-06-03 07:56:47.877 [boundedElastic-2] DEBUG o.s.c.gateway.route.RouteDefinitionRouteLocator - RouteDefinition matched: ReactiveCompositeDiscoveryClient_wxy-cloud-admin
2025-06-03 07:56:47.877 [boundedElastic-2] DEBUG o.s.c.gateway.route.RouteDefinitionRouteLocator - RouteDefinition ReactiveCompositeDiscoveryClient_wxy-cloud-gateway applying {pattern=/wxy-cloud-gateway/**} to Path
2025-06-03 07:56:47.877 [boundedElastic-2] DEBUG o.s.c.gateway.route.RouteDefinitionRouteLocator - RouteDefinition ReactiveCompositeDiscoveryClient_wxy-cloud-gateway applying filter {regexp=/wxy-cloud-gateway/?(?<remaining>.*), replacement=/${remaining}} to RewritePath
2025-06-03 07:56:47.878 [boundedElastic-2] DEBUG o.s.c.gateway.route.RouteDefinitionRouteLocator - RouteDefinition matched: ReactiveCompositeDiscoveryClient_wxy-cloud-gateway
2025-06-03 07:56:47.878 [boundedElastic-2] DEBUG o.s.c.gateway.route.RouteDefinitionRouteLocator - RouteDefinition wxy-cloud-admin applying {_genkey_0=/share-admin-api/**} to Path
2025-06-03 07:56:47.878 [boundedElastic-2] DEBUG o.s.c.gateway.route.RouteDefinitionRouteLocator - RouteDefinition matched: wxy-cloud-admin
2025-06-03 07:56:47.878 [boundedElastic-2] DEBUG o.s.c.gateway.route.RouteDefinitionRouteLocator - RouteDefinition wxy-cloud-user applying {_genkey_0=/user/**} to Path
2025-06-03 07:56:47.879 [boundedElastic-2] DEBUG o.s.c.gateway.route.RouteDefinitionRouteLocator - RouteDefinition wxy-cloud-user applying filter {_genkey_0=1} to StripPrefix
2025-06-03 07:56:47.879 [boundedElastic-2] DEBUG o.s.c.gateway.route.RouteDefinitionRouteLocator - RouteDefinition matched: wxy-cloud-user
2025-06-03 07:56:47.879 [boundedElastic-2] DEBUG o.s.c.gateway.route.RouteDefinitionRouteLocator - RouteDefinition wxy-cloud-content applying {_genkey_0=/content/**} to Path
2025-06-03 07:56:47.879 [boundedElastic-2] DEBUG o.s.c.gateway.route.RouteDefinitionRouteLocator - RouteDefinition wxy-cloud-content applying filter {_genkey_0=1} to StripPrefix
2025-06-03 07:56:47.879 [boundedElastic-2] DEBUG o.s.c.gateway.route.RouteDefinitionRouteLocator - RouteDefinition matched: wxy-cloud-content
2025-06-03 07:56:47.879 [boundedElastic-2] DEBUG o.s.c.gateway.route.RouteDefinitionRouteLocator - RouteDefinition wxy-cloud-iot applying {_genkey_0=/iot/**} to Path
2025-06-03 07:56:47.880 [boundedElastic-2] DEBUG o.s.c.gateway.route.RouteDefinitionRouteLocator - RouteDefinition wxy-cloud-iot applying filter {_genkey_0=1} to StripPrefix
2025-06-03 07:56:47.880 [boundedElastic-2] DEBUG o.s.c.gateway.route.RouteDefinitionRouteLocator - RouteDefinition matched: wxy-cloud-iot
2025-06-03 07:57:17.884 [boundedElastic-3] DEBUG o.s.c.gateway.route.RouteDefinitionRouteLocator - RouteDefinition ReactiveCompositeDiscoveryClient_wxy-cloud-admin applying {pattern=/wxy-cloud-admin/**} to Path
2025-06-03 07:57:17.884 [boundedElastic-6] DEBUG o.s.cloud.gateway.filter.GatewayMetricsFilter - New routes count: 6
2025-06-03 07:57:17.884 [boundedElastic-3] DEBUG o.s.c.gateway.route.RouteDefinitionRouteLocator - RouteDefinition ReactiveCompositeDiscoveryClient_wxy-cloud-admin applying filter {regexp=/wxy-cloud-admin/?(?<remaining>.*), replacement=/${remaining}} to RewritePath
2025-06-03 07:57:17.885 [boundedElastic-3] DEBUG o.s.c.gateway.route.RouteDefinitionRouteLocator - RouteDefinition matched: ReactiveCompositeDiscoveryClient_wxy-cloud-admin
2025-06-03 07:57:17.885 [boundedElastic-3] DEBUG o.s.c.gateway.route.RouteDefinitionRouteLocator - RouteDefinition ReactiveCompositeDiscoveryClient_wxy-cloud-gateway applying {pattern=/wxy-cloud-gateway/**} to Path
2025-06-03 07:57:17.885 [boundedElastic-3] DEBUG o.s.c.gateway.route.RouteDefinitionRouteLocator - RouteDefinition ReactiveCompositeDiscoveryClient_wxy-cloud-gateway applying filter {regexp=/wxy-cloud-gateway/?(?<remaining>.*), replacement=/${remaining}} to RewritePath
2025-06-03 07:57:17.887 [boundedElastic-3] DEBUG o.s.c.gateway.route.RouteDefinitionRouteLocator - RouteDefinition matched: ReactiveCompositeDiscoveryClient_wxy-cloud-gateway
2025-06-03 07:57:17.887 [boundedElastic-3] DEBUG o.s.c.gateway.route.RouteDefinitionRouteLocator - RouteDefinition wxy-cloud-admin applying {_genkey_0=/share-admin-api/**} to Path
2025-06-03 07:57:17.887 [boundedElastic-3] DEBUG o.s.c.gateway.route.RouteDefinitionRouteLocator - RouteDefinition matched: wxy-cloud-admin
2025-06-03 07:57:17.887 [boundedElastic-3] DEBUG o.s.c.gateway.route.RouteDefinitionRouteLocator - RouteDefinition wxy-cloud-user applying {_genkey_0=/user/**} to Path
2025-06-03 07:57:17.888 [boundedElastic-3] DEBUG o.s.c.gateway.route.RouteDefinitionRouteLocator - RouteDefinition wxy-cloud-user applying filter {_genkey_0=1} to StripPrefix
2025-06-03 07:57:17.888 [boundedElastic-3] DEBUG o.s.c.gateway.route.RouteDefinitionRouteLocator - RouteDefinition matched: wxy-cloud-user
2025-06-03 07:57:17.888 [boundedElastic-3] DEBUG o.s.c.gateway.route.RouteDefinitionRouteLocator - RouteDefinition wxy-cloud-content applying {_genkey_0=/content/**} to Path
2025-06-03 07:57:17.888 [boundedElastic-3] DEBUG o.s.c.gateway.route.RouteDefinitionRouteLocator - RouteDefinition wxy-cloud-content applying filter {_genkey_0=1} to StripPrefix
2025-06-03 07:57:17.889 [boundedElastic-3] DEBUG o.s.c.gateway.route.RouteDefinitionRouteLocator - RouteDefinition matched: wxy-cloud-content
2025-06-03 07:57:17.889 [boundedElastic-3] DEBUG o.s.c.gateway.route.RouteDefinitionRouteLocator - RouteDefinition wxy-cloud-iot applying {_genkey_0=/iot/**} to Path
2025-06-03 07:57:17.889 [boundedElastic-3] DEBUG o.s.c.gateway.route.RouteDefinitionRouteLocator - RouteDefinition wxy-cloud-iot applying filter {_genkey_0=1} to StripPrefix
2025-06-03 07:57:17.890 [boundedElastic-3] DEBUG o.s.c.gateway.route.RouteDefinitionRouteLocator - RouteDefinition matched: wxy-cloud-iot
2025-06-03 07:57:47.892 [boundedElastic-6] DEBUG o.s.cloud.gateway.filter.GatewayMetricsFilter - New routes count: 6
2025-06-03 07:57:47.893 [boundedElastic-4] DEBUG o.s.c.gateway.route.RouteDefinitionRouteLocator - RouteDefinition ReactiveCompositeDiscoveryClient_wxy-cloud-admin applying {pattern=/wxy-cloud-admin/**} to Path
2025-06-03 07:57:47.894 [boundedElastic-4] DEBUG o.s.c.gateway.route.RouteDefinitionRouteLocator - RouteDefinition ReactiveCompositeDiscoveryClient_wxy-cloud-admin applying filter {regexp=/wxy-cloud-admin/?(?<remaining>.*), replacement=/${remaining}} to RewritePath
2025-06-03 07:57:47.894 [boundedElastic-4] DEBUG o.s.c.gateway.route.RouteDefinitionRouteLocator - RouteDefinition matched: ReactiveCompositeDiscoveryClient_wxy-cloud-admin
2025-06-03 07:57:47.894 [boundedElastic-4] DEBUG o.s.c.gateway.route.RouteDefinitionRouteLocator - RouteDefinition ReactiveCompositeDiscoveryClient_wxy-cloud-gateway applying {pattern=/wxy-cloud-gateway/**} to Path
2025-06-03 07:57:47.895 [boundedElastic-4] DEBUG o.s.c.gateway.route.RouteDefinitionRouteLocator - RouteDefinition ReactiveCompositeDiscoveryClient_wxy-cloud-gateway applying filter {regexp=/wxy-cloud-gateway/?(?<remaining>.*), replacement=/${remaining}} to RewritePath
2025-06-03 07:57:47.896 [boundedElastic-4] DEBUG o.s.c.gateway.route.RouteDefinitionRouteLocator - RouteDefinition matched: ReactiveCompositeDiscoveryClient_wxy-cloud-gateway
2025-06-03 07:57:47.896 [boundedElastic-4] DEBUG o.s.c.gateway.route.RouteDefinitionRouteLocator - RouteDefinition wxy-cloud-admin applying {_genkey_0=/share-admin-api/**} to Path
2025-06-03 07:57:47.896 [boundedElastic-4] DEBUG o.s.c.gateway.route.RouteDefinitionRouteLocator - RouteDefinition matched: wxy-cloud-admin
2025-06-03 07:57:47.896 [boundedElastic-4] DEBUG o.s.c.gateway.route.RouteDefinitionRouteLocator - RouteDefinition wxy-cloud-user applying {_genkey_0=/user/**} to Path
2025-06-03 07:57:47.897 [boundedElastic-4] DEBUG o.s.c.gateway.route.RouteDefinitionRouteLocator - RouteDefinition wxy-cloud-user applying filter {_genkey_0=1} to StripPrefix
2025-06-03 07:57:47.897 [boundedElastic-4] DEBUG o.s.c.gateway.route.RouteDefinitionRouteLocator - RouteDefinition matched: wxy-cloud-user
2025-06-03 07:57:47.897 [boundedElastic-4] DEBUG o.s.c.gateway.route.RouteDefinitionRouteLocator - RouteDefinition wxy-cloud-content applying {_genkey_0=/content/**} to Path
2025-06-03 07:57:47.897 [boundedElastic-4] DEBUG o.s.c.gateway.route.RouteDefinitionRouteLocator - RouteDefinition wxy-cloud-content applying filter {_genkey_0=1} to StripPrefix
2025-06-03 07:57:47.897 [boundedElastic-4] DEBUG o.s.c.gateway.route.RouteDefinitionRouteLocator - RouteDefinition matched: wxy-cloud-content
2025-06-03 07:57:47.897 [boundedElastic-4] DEBUG o.s.c.gateway.route.RouteDefinitionRouteLocator - RouteDefinition wxy-cloud-iot applying {_genkey_0=/iot/**} to Path
2025-06-03 07:57:47.899 [boundedElastic-4] DEBUG o.s.c.gateway.route.RouteDefinitionRouteLocator - RouteDefinition wxy-cloud-iot applying filter {_genkey_0=1} to StripPrefix
2025-06-03 07:57:47.899 [boundedElastic-4] DEBUG o.s.c.gateway.route.RouteDefinitionRouteLocator - RouteDefinition matched: wxy-cloud-iot
2025-06-03 07:58:17.900 [boundedElastic-5] DEBUG o.s.cloud.gateway.filter.GatewayMetricsFilter - New routes count: 6
2025-06-03 07:58:17.901 [boundedElastic-7] DEBUG o.s.c.gateway.route.RouteDefinitionRouteLocator - RouteDefinition ReactiveCompositeDiscoveryClient_wxy-cloud-admin applying {pattern=/wxy-cloud-admin/**} to Path
2025-06-03 07:58:17.901 [boundedElastic-7] DEBUG o.s.c.gateway.route.RouteDefinitionRouteLocator - RouteDefinition ReactiveCompositeDiscoveryClient_wxy-cloud-admin applying filter {regexp=/wxy-cloud-admin/?(?<remaining>.*), replacement=/${remaining}} to RewritePath
2025-06-03 07:58:17.901 [boundedElastic-7] DEBUG o.s.c.gateway.route.RouteDefinitionRouteLocator - RouteDefinition matched: ReactiveCompositeDiscoveryClient_wxy-cloud-admin
2025-06-03 07:58:17.902 [boundedElastic-7] DEBUG o.s.c.gateway.route.RouteDefinitionRouteLocator - RouteDefinition ReactiveCompositeDiscoveryClient_wxy-cloud-gateway applying {pattern=/wxy-cloud-gateway/**} to Path
2025-06-03 07:58:17.902 [boundedElastic-7] DEBUG o.s.c.gateway.route.RouteDefinitionRouteLocator - RouteDefinition ReactiveCompositeDiscoveryClient_wxy-cloud-gateway applying filter {regexp=/wxy-cloud-gateway/?(?<remaining>.*), replacement=/${remaining}} to RewritePath
2025-06-03 07:58:17.903 [boundedElastic-7] DEBUG o.s.c.gateway.route.RouteDefinitionRouteLocator - RouteDefinition matched: ReactiveCompositeDiscoveryClient_wxy-cloud-gateway
2025-06-03 07:58:17.903 [boundedElastic-7] DEBUG o.s.c.gateway.route.RouteDefinitionRouteLocator - RouteDefinition wxy-cloud-admin applying {_genkey_0=/share-admin-api/**} to Path
2025-06-03 07:58:17.903 [boundedElastic-7] DEBUG o.s.c.gateway.route.RouteDefinitionRouteLocator - RouteDefinition matched: wxy-cloud-admin
2025-06-03 07:58:17.903 [boundedElastic-7] DEBUG o.s.c.gateway.route.RouteDefinitionRouteLocator - RouteDefinition wxy-cloud-user applying {_genkey_0=/user/**} to Path
2025-06-03 07:58:17.904 [boundedElastic-7] DEBUG o.s.c.gateway.route.RouteDefinitionRouteLocator - RouteDefinition wxy-cloud-user applying filter {_genkey_0=1} to StripPrefix
2025-06-03 07:58:17.904 [boundedElastic-7] DEBUG o.s.c.gateway.route.RouteDefinitionRouteLocator - RouteDefinition matched: wxy-cloud-user
2025-06-03 07:58:17.904 [boundedElastic-7] DEBUG o.s.c.gateway.route.RouteDefinitionRouteLocator - RouteDefinition wxy-cloud-content applying {_genkey_0=/content/**} to Path
2025-06-03 07:58:17.904 [boundedElastic-7] DEBUG o.s.c.gateway.route.RouteDefinitionRouteLocator - RouteDefinition wxy-cloud-content applying filter {_genkey_0=1} to StripPrefix
2025-06-03 07:58:17.905 [boundedElastic-7] DEBUG o.s.c.gateway.route.RouteDefinitionRouteLocator - RouteDefinition matched: wxy-cloud-content
2025-06-03 07:58:17.905 [boundedElastic-7] DEBUG o.s.c.gateway.route.RouteDefinitionRouteLocator - RouteDefinition wxy-cloud-iot applying {_genkey_0=/iot/**} to Path
2025-06-03 07:58:17.905 [boundedElastic-7] DEBUG o.s.c.gateway.route.RouteDefinitionRouteLocator - RouteDefinition wxy-cloud-iot applying filter {_genkey_0=1} to StripPrefix
2025-06-03 07:58:17.906 [boundedElastic-7] DEBUG o.s.c.gateway.route.RouteDefinitionRouteLocator - RouteDefinition matched: wxy-cloud-iot
2025-06-03 07:58:47.907 [boundedElastic-4] DEBUG o.s.cloud.gateway.filter.GatewayMetricsFilter - New routes count: 6
2025-06-03 07:58:47.907 [boundedElastic-3] DEBUG o.s.c.gateway.route.RouteDefinitionRouteLocator - RouteDefinition ReactiveCompositeDiscoveryClient_wxy-cloud-admin applying {pattern=/wxy-cloud-admin/**} to Path
2025-06-03 07:58:47.908 [boundedElastic-3] DEBUG o.s.c.gateway.route.RouteDefinitionRouteLocator - RouteDefinition ReactiveCompositeDiscoveryClient_wxy-cloud-admin applying filter {regexp=/wxy-cloud-admin/?(?<remaining>.*), replacement=/${remaining}} to RewritePath
2025-06-03 07:58:47.908 [boundedElastic-3] DEBUG o.s.c.gateway.route.RouteDefinitionRouteLocator - RouteDefinition matched: ReactiveCompositeDiscoveryClient_wxy-cloud-admin
2025-06-03 07:58:47.908 [boundedElastic-3] DEBUG o.s.c.gateway.route.RouteDefinitionRouteLocator - RouteDefinition ReactiveCompositeDiscoveryClient_wxy-cloud-gateway applying {pattern=/wxy-cloud-gateway/**} to Path
2025-06-03 07:58:47.909 [boundedElastic-3] DEBUG o.s.c.gateway.route.RouteDefinitionRouteLocator - RouteDefinition ReactiveCompositeDiscoveryClient_wxy-cloud-gateway applying filter {regexp=/wxy-cloud-gateway/?(?<remaining>.*), replacement=/${remaining}} to RewritePath
2025-06-03 07:58:47.909 [boundedElastic-3] DEBUG o.s.c.gateway.route.RouteDefinitionRouteLocator - RouteDefinition matched: ReactiveCompositeDiscoveryClient_wxy-cloud-gateway
2025-06-03 07:58:47.909 [boundedElastic-3] DEBUG o.s.c.gateway.route.RouteDefinitionRouteLocator - RouteDefinition wxy-cloud-admin applying {_genkey_0=/share-admin-api/**} to Path
2025-06-03 07:58:47.909 [boundedElastic-3] DEBUG o.s.c.gateway.route.RouteDefinitionRouteLocator - RouteDefinition matched: wxy-cloud-admin
2025-06-03 07:58:47.909 [boundedElastic-3] DEBUG o.s.c.gateway.route.RouteDefinitionRouteLocator - RouteDefinition wxy-cloud-user applying {_genkey_0=/user/**} to Path
2025-06-03 07:58:47.910 [boundedElastic-3] DEBUG o.s.c.gateway.route.RouteDefinitionRouteLocator - RouteDefinition wxy-cloud-user applying filter {_genkey_0=1} to StripPrefix
2025-06-03 07:58:47.910 [boundedElastic-3] DEBUG o.s.c.gateway.route.RouteDefinitionRouteLocator - RouteDefinition matched: wxy-cloud-user
2025-06-03 07:58:47.910 [boundedElastic-3] DEBUG o.s.c.gateway.route.RouteDefinitionRouteLocator - RouteDefinition wxy-cloud-content applying {_genkey_0=/content/**} to Path
2025-06-03 07:58:47.910 [boundedElastic-3] DEBUG o.s.c.gateway.route.RouteDefinitionRouteLocator - RouteDefinition wxy-cloud-content applying filter {_genkey_0=1} to StripPrefix
2025-06-03 07:58:47.910 [boundedElastic-3] DEBUG o.s.c.gateway.route.RouteDefinitionRouteLocator - RouteDefinition matched: wxy-cloud-content
2025-06-03 07:58:47.910 [boundedElastic-3] DEBUG o.s.c.gateway.route.RouteDefinitionRouteLocator - RouteDefinition wxy-cloud-iot applying {_genkey_0=/iot/**} to Path
2025-06-03 07:58:47.910 [boundedElastic-3] DEBUG o.s.c.gateway.route.RouteDefinitionRouteLocator - RouteDefinition wxy-cloud-iot applying filter {_genkey_0=1} to StripPrefix
2025-06-03 07:58:47.910 [boundedElastic-3] DEBUG o.s.c.gateway.route.RouteDefinitionRouteLocator - RouteDefinition matched: wxy-cloud-iot
2025-06-03 07:59:17.913 [boundedElastic-5] DEBUG o.s.cloud.gateway.filter.GatewayMetricsFilter - New routes count: 6
2025-06-03 07:59:17.913 [boundedElastic-2] DEBUG o.s.c.gateway.route.RouteDefinitionRouteLocator - RouteDefinition ReactiveCompositeDiscoveryClient_wxy-cloud-admin applying {pattern=/wxy-cloud-admin/**} to Path
2025-06-03 07:59:17.914 [boundedElastic-2] DEBUG o.s.c.gateway.route.RouteDefinitionRouteLocator - RouteDefinition ReactiveCompositeDiscoveryClient_wxy-cloud-admin applying filter {regexp=/wxy-cloud-admin/?(?<remaining>.*), replacement=/${remaining}} to RewritePath
2025-06-03 07:59:17.915 [boundedElastic-2] DEBUG o.s.c.gateway.route.RouteDefinitionRouteLocator - RouteDefinition matched: ReactiveCompositeDiscoveryClient_wxy-cloud-admin
2025-06-03 07:59:17.915 [boundedElastic-2] DEBUG o.s.c.gateway.route.RouteDefinitionRouteLocator - RouteDefinition ReactiveCompositeDiscoveryClient_wxy-cloud-gateway applying {pattern=/wxy-cloud-gateway/**} to Path
2025-06-03 07:59:17.916 [boundedElastic-2] DEBUG o.s.c.gateway.route.RouteDefinitionRouteLocator - RouteDefinition ReactiveCompositeDiscoveryClient_wxy-cloud-gateway applying filter {regexp=/wxy-cloud-gateway/?(?<remaining>.*), replacement=/${remaining}} to RewritePath
2025-06-03 07:59:17.916 [boundedElastic-2] DEBUG o.s.c.gateway.route.RouteDefinitionRouteLocator - RouteDefinition matched: ReactiveCompositeDiscoveryClient_wxy-cloud-gateway
2025-06-03 07:59:17.916 [boundedElastic-2] DEBUG o.s.c.gateway.route.RouteDefinitionRouteLocator - RouteDefinition wxy-cloud-admin applying {_genkey_0=/share-admin-api/**} to Path
2025-06-03 07:59:17.916 [boundedElastic-2] DEBUG o.s.c.gateway.route.RouteDefinitionRouteLocator - RouteDefinition matched: wxy-cloud-admin
2025-06-03 07:59:17.917 [boundedElastic-2] DEBUG o.s.c.gateway.route.RouteDefinitionRouteLocator - RouteDefinition wxy-cloud-user applying {_genkey_0=/user/**} to Path
2025-06-03 07:59:17.917 [boundedElastic-2] DEBUG o.s.c.gateway.route.RouteDefinitionRouteLocator - RouteDefinition wxy-cloud-user applying filter {_genkey_0=1} to StripPrefix
2025-06-03 07:59:17.917 [boundedElastic-2] DEBUG o.s.c.gateway.route.RouteDefinitionRouteLocator - RouteDefinition matched: wxy-cloud-user
2025-06-03 07:59:17.917 [boundedElastic-2] DEBUG o.s.c.gateway.route.RouteDefinitionRouteLocator - RouteDefinition wxy-cloud-content applying {_genkey_0=/content/**} to Path
2025-06-03 07:59:17.917 [boundedElastic-2] DEBUG o.s.c.gateway.route.RouteDefinitionRouteLocator - RouteDefinition wxy-cloud-content applying filter {_genkey_0=1} to StripPrefix
2025-06-03 07:59:17.918 [boundedElastic-2] DEBUG o.s.c.gateway.route.RouteDefinitionRouteLocator - RouteDefinition matched: wxy-cloud-content
2025-06-03 07:59:17.918 [boundedElastic-2] DEBUG o.s.c.gateway.route.RouteDefinitionRouteLocator - RouteDefinition wxy-cloud-iot applying {_genkey_0=/iot/**} to Path
2025-06-03 07:59:17.918 [boundedElastic-2] DEBUG o.s.c.gateway.route.RouteDefinitionRouteLocator - RouteDefinition wxy-cloud-iot applying filter {_genkey_0=1} to StripPrefix
2025-06-03 07:59:17.918 [boundedElastic-2] DEBUG o.s.c.gateway.route.RouteDefinitionRouteLocator - RouteDefinition matched: wxy-cloud-iot
2025-06-03 07:59:47.921 [boundedElastic-4] DEBUG o.s.c.gateway.route.RouteDefinitionRouteLocator - RouteDefinition ReactiveCompositeDiscoveryClient_wxy-cloud-admin applying {pattern=/wxy-cloud-admin/**} to Path
2025-06-03 07:59:47.921 [boundedElastic-5] DEBUG o.s.cloud.gateway.filter.GatewayMetricsFilter - New routes count: 6
2025-06-03 07:59:47.921 [boundedElastic-4] DEBUG o.s.c.gateway.route.RouteDefinitionRouteLocator - RouteDefinition ReactiveCompositeDiscoveryClient_wxy-cloud-admin applying filter {regexp=/wxy-cloud-admin/?(?<remaining>.*), replacement=/${remaining}} to RewritePath
2025-06-03 07:59:47.922 [boundedElastic-4] DEBUG o.s.c.gateway.route.RouteDefinitionRouteLocator - RouteDefinition matched: ReactiveCompositeDiscoveryClient_wxy-cloud-admin
2025-06-03 07:59:47.922 [boundedElastic-4] DEBUG o.s.c.gateway.route.RouteDefinitionRouteLocator - RouteDefinition ReactiveCompositeDiscoveryClient_wxy-cloud-gateway applying {pattern=/wxy-cloud-gateway/**} to Path
2025-06-03 07:59:47.922 [boundedElastic-4] DEBUG o.s.c.gateway.route.RouteDefinitionRouteLocator - RouteDefinition ReactiveCompositeDiscoveryClient_wxy-cloud-gateway applying filter {regexp=/wxy-cloud-gateway/?(?<remaining>.*), replacement=/${remaining}} to RewritePath
2025-06-03 07:59:47.923 [boundedElastic-4] DEBUG o.s.c.gateway.route.RouteDefinitionRouteLocator - RouteDefinition matched: ReactiveCompositeDiscoveryClient_wxy-cloud-gateway
2025-06-03 07:59:47.923 [boundedElastic-4] DEBUG o.s.c.gateway.route.RouteDefinitionRouteLocator - RouteDefinition wxy-cloud-admin applying {_genkey_0=/share-admin-api/**} to Path
2025-06-03 07:59:47.923 [boundedElastic-4] DEBUG o.s.c.gateway.route.RouteDefinitionRouteLocator - RouteDefinition matched: wxy-cloud-admin
2025-06-03 07:59:47.923 [boundedElastic-4] DEBUG o.s.c.gateway.route.RouteDefinitionRouteLocator - RouteDefinition wxy-cloud-user applying {_genkey_0=/user/**} to Path
2025-06-03 07:59:47.923 [boundedElastic-4] DEBUG o.s.c.gateway.route.RouteDefinitionRouteLocator - RouteDefinition wxy-cloud-user applying filter {_genkey_0=1} to StripPrefix
2025-06-03 07:59:47.923 [boundedElastic-4] DEBUG o.s.c.gateway.route.RouteDefinitionRouteLocator - RouteDefinition matched: wxy-cloud-user
2025-06-03 07:59:47.923 [boundedElastic-4] DEBUG o.s.c.gateway.route.RouteDefinitionRouteLocator - RouteDefinition wxy-cloud-content applying {_genkey_0=/content/**} to Path
2025-06-03 07:59:47.923 [boundedElastic-4] DEBUG o.s.c.gateway.route.RouteDefinitionRouteLocator - RouteDefinition wxy-cloud-content applying filter {_genkey_0=1} to StripPrefix
2025-06-03 07:59:47.923 [boundedElastic-4] DEBUG o.s.c.gateway.route.RouteDefinitionRouteLocator - RouteDefinition matched: wxy-cloud-content
2025-06-03 07:59:47.923 [boundedElastic-4] DEBUG o.s.c.gateway.route.RouteDefinitionRouteLocator - RouteDefinition wxy-cloud-iot applying {_genkey_0=/iot/**} to Path
2025-06-03 07:59:47.923 [boundedElastic-4] DEBUG o.s.c.gateway.route.RouteDefinitionRouteLocator - RouteDefinition wxy-cloud-iot applying filter {_genkey_0=1} to StripPrefix
2025-06-03 07:59:47.925 [boundedElastic-4] DEBUG o.s.c.gateway.route.RouteDefinitionRouteLocator - RouteDefinition matched: wxy-cloud-iot
2025-06-03 08:00:17.927 [boundedElastic-5] DEBUG o.s.cloud.gateway.filter.GatewayMetricsFilter - New routes count: 6
2025-06-03 08:00:17.927 [boundedElastic-6] DEBUG o.s.c.gateway.route.RouteDefinitionRouteLocator - RouteDefinition ReactiveCompositeDiscoveryClient_wxy-cloud-admin applying {pattern=/wxy-cloud-admin/**} to Path
2025-06-03 08:00:17.928 [boundedElastic-6] DEBUG o.s.c.gateway.route.RouteDefinitionRouteLocator - RouteDefinition ReactiveCompositeDiscoveryClient_wxy-cloud-admin applying filter {regexp=/wxy-cloud-admin/?(?<remaining>.*), replacement=/${remaining}} to RewritePath
2025-06-03 08:00:17.928 [boundedElastic-6] DEBUG o.s.c.gateway.route.RouteDefinitionRouteLocator - RouteDefinition matched: ReactiveCompositeDiscoveryClient_wxy-cloud-admin
2025-06-03 08:00:17.928 [boundedElastic-6] DEBUG o.s.c.gateway.route.RouteDefinitionRouteLocator - RouteDefinition ReactiveCompositeDiscoveryClient_wxy-cloud-gateway applying {pattern=/wxy-cloud-gateway/**} to Path
2025-06-03 08:00:17.929 [boundedElastic-6] DEBUG o.s.c.gateway.route.RouteDefinitionRouteLocator - RouteDefinition ReactiveCompositeDiscoveryClient_wxy-cloud-gateway applying filter {regexp=/wxy-cloud-gateway/?(?<remaining>.*), replacement=/${remaining}} to RewritePath
2025-06-03 08:00:17.929 [boundedElastic-6] DEBUG o.s.c.gateway.route.RouteDefinitionRouteLocator - RouteDefinition matched: ReactiveCompositeDiscoveryClient_wxy-cloud-gateway
2025-06-03 08:00:17.929 [boundedElastic-6] DEBUG o.s.c.gateway.route.RouteDefinitionRouteLocator - RouteDefinition wxy-cloud-admin applying {_genkey_0=/share-admin-api/**} to Path
2025-06-03 08:00:17.929 [boundedElastic-6] DEBUG o.s.c.gateway.route.RouteDefinitionRouteLocator - RouteDefinition matched: wxy-cloud-admin
2025-06-03 08:00:17.929 [boundedElastic-6] DEBUG o.s.c.gateway.route.RouteDefinitionRouteLocator - RouteDefinition wxy-cloud-user applying {_genkey_0=/user/**} to Path
2025-06-03 08:00:17.930 [boundedElastic-6] DEBUG o.s.c.gateway.route.RouteDefinitionRouteLocator - RouteDefinition wxy-cloud-user applying filter {_genkey_0=1} to StripPrefix
2025-06-03 08:00:17.930 [boundedElastic-6] DEBUG o.s.c.gateway.route.RouteDefinitionRouteLocator - RouteDefinition matched: wxy-cloud-user
2025-06-03 08:00:17.930 [boundedElastic-6] DEBUG o.s.c.gateway.route.RouteDefinitionRouteLocator - RouteDefinition wxy-cloud-content applying {_genkey_0=/content/**} to Path
2025-06-03 08:00:17.930 [boundedElastic-6] DEBUG o.s.c.gateway.route.RouteDefinitionRouteLocator - RouteDefinition wxy-cloud-content applying filter {_genkey_0=1} to StripPrefix
2025-06-03 08:00:17.930 [boundedElastic-6] DEBUG o.s.c.gateway.route.RouteDefinitionRouteLocator - RouteDefinition matched: wxy-cloud-content
2025-06-03 08:00:17.930 [boundedElastic-6] DEBUG o.s.c.gateway.route.RouteDefinitionRouteLocator - RouteDefinition wxy-cloud-iot applying {_genkey_0=/iot/**} to Path
2025-06-03 08:00:17.931 [boundedElastic-6] DEBUG o.s.c.gateway.route.RouteDefinitionRouteLocator - RouteDefinition wxy-cloud-iot applying filter {_genkey_0=1} to StripPrefix
2025-06-03 08:00:17.931 [boundedElastic-6] DEBUG o.s.c.gateway.route.RouteDefinitionRouteLocator - RouteDefinition matched: wxy-cloud-iot
2025-06-03 08:00:47.934 [boundedElastic-2] DEBUG o.s.cloud.gateway.filter.GatewayMetricsFilter - New routes count: 6
2025-06-03 08:00:47.934 [boundedElastic-3] DEBUG o.s.c.gateway.route.RouteDefinitionRouteLocator - RouteDefinition ReactiveCompositeDiscoveryClient_wxy-cloud-admin applying {pattern=/wxy-cloud-admin/**} to Path
2025-06-03 08:00:47.934 [boundedElastic-3] DEBUG o.s.c.gateway.route.RouteDefinitionRouteLocator - RouteDefinition ReactiveCompositeDiscoveryClient_wxy-cloud-admin applying filter {regexp=/wxy-cloud-admin/?(?<remaining>.*), replacement=/${remaining}} to RewritePath
2025-06-03 08:00:47.936 [boundedElastic-3] DEBUG o.s.c.gateway.route.RouteDefinitionRouteLocator - RouteDefinition matched: ReactiveCompositeDiscoveryClient_wxy-cloud-admin
2025-06-03 08:00:47.936 [boundedElastic-3] DEBUG o.s.c.gateway.route.RouteDefinitionRouteLocator - RouteDefinition ReactiveCompositeDiscoveryClient_wxy-cloud-gateway applying {pattern=/wxy-cloud-gateway/**} to Path
2025-06-03 08:00:47.937 [boundedElastic-3] DEBUG o.s.c.gateway.route.RouteDefinitionRouteLocator - RouteDefinition ReactiveCompositeDiscoveryClient_wxy-cloud-gateway applying filter {regexp=/wxy-cloud-gateway/?(?<remaining>.*), replacement=/${remaining}} to RewritePath
2025-06-03 08:00:47.937 [boundedElastic-3] DEBUG o.s.c.gateway.route.RouteDefinitionRouteLocator - RouteDefinition matched: ReactiveCompositeDiscoveryClient_wxy-cloud-gateway
2025-06-03 08:00:47.937 [boundedElastic-3] DEBUG o.s.c.gateway.route.RouteDefinitionRouteLocator - RouteDefinition wxy-cloud-admin applying {_genkey_0=/share-admin-api/**} to Path
2025-06-03 08:00:47.938 [boundedElastic-3] DEBUG o.s.c.gateway.route.RouteDefinitionRouteLocator - RouteDefinition matched: wxy-cloud-admin
2025-06-03 08:00:47.938 [boundedElastic-3] DEBUG o.s.c.gateway.route.RouteDefinitionRouteLocator - RouteDefinition wxy-cloud-user applying {_genkey_0=/user/**} to Path
2025-06-03 08:00:47.938 [boundedElastic-3] DEBUG o.s.c.gateway.route.RouteDefinitionRouteLocator - RouteDefinition wxy-cloud-user applying filter {_genkey_0=1} to StripPrefix
2025-06-03 08:00:47.939 [boundedElastic-3] DEBUG o.s.c.gateway.route.RouteDefinitionRouteLocator - RouteDefinition matched: wxy-cloud-user
2025-06-03 08:00:47.939 [boundedElastic-3] DEBUG o.s.c.gateway.route.RouteDefinitionRouteLocator - RouteDefinition wxy-cloud-content applying {_genkey_0=/content/**} to Path
2025-06-03 08:00:47.939 [boundedElastic-3] DEBUG o.s.c.gateway.route.RouteDefinitionRouteLocator - RouteDefinition wxy-cloud-content applying filter {_genkey_0=1} to StripPrefix
2025-06-03 08:00:47.939 [boundedElastic-3] DEBUG o.s.c.gateway.route.RouteDefinitionRouteLocator - RouteDefinition matched: wxy-cloud-content
2025-06-03 08:00:47.939 [boundedElastic-3] DEBUG o.s.c.gateway.route.RouteDefinitionRouteLocator - RouteDefinition wxy-cloud-iot applying {_genkey_0=/iot/**} to Path
2025-06-03 08:00:47.940 [boundedElastic-3] DEBUG o.s.c.gateway.route.RouteDefinitionRouteLocator - RouteDefinition wxy-cloud-iot applying filter {_genkey_0=1} to StripPrefix
2025-06-03 08:00:47.940 [boundedElastic-3] DEBUG o.s.c.gateway.route.RouteDefinitionRouteLocator - RouteDefinition matched: wxy-cloud-iot
2025-06-03 08:01:17.942 [boundedElastic-5] DEBUG o.s.c.gateway.route.RouteDefinitionRouteLocator - RouteDefinition ReactiveCompositeDiscoveryClient_wxy-cloud-admin applying {pattern=/wxy-cloud-admin/**} to Path
2025-06-03 08:01:17.942 [boundedElastic-4] DEBUG o.s.cloud.gateway.filter.GatewayMetricsFilter - New routes count: 6
2025-06-03 08:01:17.943 [boundedElastic-5] DEBUG o.s.c.gateway.route.RouteDefinitionRouteLocator - RouteDefinition ReactiveCompositeDiscoveryClient_wxy-cloud-admin applying filter {regexp=/wxy-cloud-admin/?(?<remaining>.*), replacement=/${remaining}} to RewritePath
2025-06-03 08:01:17.943 [boundedElastic-5] DEBUG o.s.c.gateway.route.RouteDefinitionRouteLocator - RouteDefinition matched: ReactiveCompositeDiscoveryClient_wxy-cloud-admin
2025-06-03 08:01:17.943 [boundedElastic-5] DEBUG o.s.c.gateway.route.RouteDefinitionRouteLocator - RouteDefinition ReactiveCompositeDiscoveryClient_wxy-cloud-gateway applying {pattern=/wxy-cloud-gateway/**} to Path
2025-06-03 08:01:17.943 [boundedElastic-5] DEBUG o.s.c.gateway.route.RouteDefinitionRouteLocator - RouteDefinition ReactiveCompositeDiscoveryClient_wxy-cloud-gateway applying filter {regexp=/wxy-cloud-gateway/?(?<remaining>.*), replacement=/${remaining}} to RewritePath
2025-06-03 08:01:17.943 [boundedElastic-5] DEBUG o.s.c.gateway.route.RouteDefinitionRouteLocator - RouteDefinition matched: ReactiveCompositeDiscoveryClient_wxy-cloud-gateway
2025-06-03 08:01:17.944 [boundedElastic-5] DEBUG o.s.c.gateway.route.RouteDefinitionRouteLocator - RouteDefinition wxy-cloud-admin applying {_genkey_0=/share-admin-api/**} to Path
2025-06-03 08:01:17.944 [boundedElastic-5] DEBUG o.s.c.gateway.route.RouteDefinitionRouteLocator - RouteDefinition matched: wxy-cloud-admin
2025-06-03 08:01:17.944 [boundedElastic-5] DEBUG o.s.c.gateway.route.RouteDefinitionRouteLocator - RouteDefinition wxy-cloud-user applying {_genkey_0=/user/**} to Path
2025-06-03 08:01:17.944 [boundedElastic-5] DEBUG o.s.c.gateway.route.RouteDefinitionRouteLocator - RouteDefinition wxy-cloud-user applying filter {_genkey_0=1} to StripPrefix
2025-06-03 08:01:17.945 [boundedElastic-5] DEBUG o.s.c.gateway.route.RouteDefinitionRouteLocator - RouteDefinition matched: wxy-cloud-user
2025-06-03 08:01:17.945 [boundedElastic-5] DEBUG o.s.c.gateway.route.RouteDefinitionRouteLocator - RouteDefinition wxy-cloud-content applying {_genkey_0=/content/**} to Path
2025-06-03 08:01:17.945 [boundedElastic-5] DEBUG o.s.c.gateway.route.RouteDefinitionRouteLocator - RouteDefinition wxy-cloud-content applying filter {_genkey_0=1} to StripPrefix
2025-06-03 08:01:17.945 [boundedElastic-5] DEBUG o.s.c.gateway.route.RouteDefinitionRouteLocator - RouteDefinition matched: wxy-cloud-content
2025-06-03 08:01:17.946 [boundedElastic-5] DEBUG o.s.c.gateway.route.RouteDefinitionRouteLocator - RouteDefinition wxy-cloud-iot applying {_genkey_0=/iot/**} to Path
2025-06-03 08:01:17.946 [boundedElastic-5] DEBUG o.s.c.gateway.route.RouteDefinitionRouteLocator - RouteDefinition wxy-cloud-iot applying filter {_genkey_0=1} to StripPrefix
2025-06-03 08:01:17.946 [boundedElastic-5] DEBUG o.s.c.gateway.route.RouteDefinitionRouteLocator - RouteDefinition matched: wxy-cloud-iot
2025-06-03 08:01:47.951 [boundedElastic-3] DEBUG o.s.cloud.gateway.filter.GatewayMetricsFilter - New routes count: 6
2025-06-03 08:01:47.952 [boundedElastic-4] DEBUG o.s.c.gateway.route.RouteDefinitionRouteLocator - RouteDefinition ReactiveCompositeDiscoveryClient_wxy-cloud-admin applying {pattern=/wxy-cloud-admin/**} to Path
2025-06-03 08:01:47.952 [boundedElastic-4] DEBUG o.s.c.gateway.route.RouteDefinitionRouteLocator - RouteDefinition ReactiveCompositeDiscoveryClient_wxy-cloud-admin applying filter {regexp=/wxy-cloud-admin/?(?<remaining>.*), replacement=/${remaining}} to RewritePath
2025-06-03 08:01:47.953 [boundedElastic-4] DEBUG o.s.c.gateway.route.RouteDefinitionRouteLocator - RouteDefinition matched: ReactiveCompositeDiscoveryClient_wxy-cloud-admin
2025-06-03 08:01:47.953 [boundedElastic-4] DEBUG o.s.c.gateway.route.RouteDefinitionRouteLocator - RouteDefinition ReactiveCompositeDiscoveryClient_wxy-cloud-gateway applying {pattern=/wxy-cloud-gateway/**} to Path
2025-06-03 08:01:47.953 [boundedElastic-4] DEBUG o.s.c.gateway.route.RouteDefinitionRouteLocator - RouteDefinition ReactiveCompositeDiscoveryClient_wxy-cloud-gateway applying filter {regexp=/wxy-cloud-gateway/?(?<remaining>.*), replacement=/${remaining}} to RewritePath
2025-06-03 08:01:47.953 [boundedElastic-4] DEBUG o.s.c.gateway.route.RouteDefinitionRouteLocator - RouteDefinition matched: ReactiveCompositeDiscoveryClient_wxy-cloud-gateway
2025-06-03 08:01:47.953 [boundedElastic-4] DEBUG o.s.c.gateway.route.RouteDefinitionRouteLocator - RouteDefinition wxy-cloud-admin applying {_genkey_0=/share-admin-api/**} to Path
2025-06-03 08:01:47.955 [boundedElastic-4] DEBUG o.s.c.gateway.route.RouteDefinitionRouteLocator - RouteDefinition matched: wxy-cloud-admin
2025-06-03 08:01:47.955 [boundedElastic-4] DEBUG o.s.c.gateway.route.RouteDefinitionRouteLocator - RouteDefinition wxy-cloud-user applying {_genkey_0=/user/**} to Path
2025-06-03 08:01:47.955 [boundedElastic-4] DEBUG o.s.c.gateway.route.RouteDefinitionRouteLocator - RouteDefinition wxy-cloud-user applying filter {_genkey_0=1} to StripPrefix
2025-06-03 08:01:47.955 [boundedElastic-4] DEBUG o.s.c.gateway.route.RouteDefinitionRouteLocator - RouteDefinition matched: wxy-cloud-user
2025-06-03 08:01:47.955 [boundedElastic-4] DEBUG o.s.c.gateway.route.RouteDefinitionRouteLocator - RouteDefinition wxy-cloud-content applying {_genkey_0=/content/**} to Path
2025-06-03 08:01:47.955 [boundedElastic-4] DEBUG o.s.c.gateway.route.RouteDefinitionRouteLocator - RouteDefinition wxy-cloud-content applying filter {_genkey_0=1} to StripPrefix
2025-06-03 08:01:47.956 [boundedElastic-4] DEBUG o.s.c.gateway.route.RouteDefinitionRouteLocator - RouteDefinition matched: wxy-cloud-content
2025-06-03 08:01:47.956 [boundedElastic-4] DEBUG o.s.c.gateway.route.RouteDefinitionRouteLocator - RouteDefinition wxy-cloud-iot applying {_genkey_0=/iot/**} to Path
2025-06-03 08:01:47.956 [boundedElastic-4] DEBUG o.s.c.gateway.route.RouteDefinitionRouteLocator - RouteDefinition wxy-cloud-iot applying filter {_genkey_0=1} to StripPrefix
2025-06-03 08:01:47.956 [boundedElastic-4] DEBUG o.s.c.gateway.route.RouteDefinitionRouteLocator - RouteDefinition matched: wxy-cloud-iot
2025-06-03 08:02:17.958 [boundedElastic-3] DEBUG o.s.c.gateway.route.RouteDefinitionRouteLocator - RouteDefinition ReactiveCompositeDiscoveryClient_wxy-cloud-admin applying {pattern=/wxy-cloud-admin/**} to Path
2025-06-03 08:02:17.958 [boundedElastic-8] DEBUG o.s.cloud.gateway.filter.GatewayMetricsFilter - New routes count: 6
2025-06-03 08:02:17.958 [boundedElastic-3] DEBUG o.s.c.gateway.route.RouteDefinitionRouteLocator - RouteDefinition ReactiveCompositeDiscoveryClient_wxy-cloud-admin applying filter {regexp=/wxy-cloud-admin/?(?<remaining>.*), replacement=/${remaining}} to RewritePath
2025-06-03 08:02:17.958 [boundedElastic-3] DEBUG o.s.c.gateway.route.RouteDefinitionRouteLocator - RouteDefinition matched: ReactiveCompositeDiscoveryClient_wxy-cloud-admin
2025-06-03 08:02:17.958 [boundedElastic-3] DEBUG o.s.c.gateway.route.RouteDefinitionRouteLocator - RouteDefinition ReactiveCompositeDiscoveryClient_wxy-cloud-gateway applying {pattern=/wxy-cloud-gateway/**} to Path
2025-06-03 08:02:17.958 [boundedElastic-3] DEBUG o.s.c.gateway.route.RouteDefinitionRouteLocator - RouteDefinition ReactiveCompositeDiscoveryClient_wxy-cloud-gateway applying filter {regexp=/wxy-cloud-gateway/?(?<remaining>.*), replacement=/${remaining}} to RewritePath
2025-06-03 08:02:17.958 [boundedElastic-3] DEBUG o.s.c.gateway.route.RouteDefinitionRouteLocator - RouteDefinition matched: ReactiveCompositeDiscoveryClient_wxy-cloud-gateway
2025-06-03 08:02:17.958 [boundedElastic-3] DEBUG o.s.c.gateway.route.RouteDefinitionRouteLocator - RouteDefinition wxy-cloud-admin applying {_genkey_0=/share-admin-api/**} to Path
2025-06-03 08:02:17.958 [boundedElastic-3] DEBUG o.s.c.gateway.route.RouteDefinitionRouteLocator - RouteDefinition matched: wxy-cloud-admin
2025-06-03 08:02:17.958 [boundedElastic-3] DEBUG o.s.c.gateway.route.RouteDefinitionRouteLocator - RouteDefinition wxy-cloud-user applying {_genkey_0=/user/**} to Path
2025-06-03 08:02:17.958 [boundedElastic-3] DEBUG o.s.c.gateway.route.RouteDefinitionRouteLocator - RouteDefinition wxy-cloud-user applying filter {_genkey_0=1} to StripPrefix
2025-06-03 08:02:17.958 [boundedElastic-3] DEBUG o.s.c.gateway.route.RouteDefinitionRouteLocator - RouteDefinition matched: wxy-cloud-user
2025-06-03 08:02:17.958 [boundedElastic-3] DEBUG o.s.c.gateway.route.RouteDefinitionRouteLocator - RouteDefinition wxy-cloud-content applying {_genkey_0=/content/**} to Path
2025-06-03 08:02:17.958 [boundedElastic-3] DEBUG o.s.c.gateway.route.RouteDefinitionRouteLocator - RouteDefinition wxy-cloud-content applying filter {_genkey_0=1} to StripPrefix
2025-06-03 08:02:17.960 [boundedElastic-3] DEBUG o.s.c.gateway.route.RouteDefinitionRouteLocator - RouteDefinition matched: wxy-cloud-content
2025-06-03 08:02:17.960 [boundedElastic-3] DEBUG o.s.c.gateway.route.RouteDefinitionRouteLocator - RouteDefinition wxy-cloud-iot applying {_genkey_0=/iot/**} to Path
2025-06-03 08:02:17.960 [boundedElastic-3] DEBUG o.s.c.gateway.route.RouteDefinitionRouteLocator - RouteDefinition wxy-cloud-iot applying filter {_genkey_0=1} to StripPrefix
2025-06-03 08:02:17.960 [boundedElastic-3] DEBUG o.s.c.gateway.route.RouteDefinitionRouteLocator - RouteDefinition matched: wxy-cloud-iot
