2025-06-10 13:40:27.154 [background-preinit] INFO  org.hibernate.validator.internal.util.Version - HV000001: Hibernate Validator 8.0.1.Final
2025-06-10 13:40:27.218 [main] INFO  top.wxy.UserApplication - Starting UserApplication using Java 17 with PID 31376 (D:\S\sx\t\wxy-cloud\wxy-cloud-user\target\classes started by keke666 in D:\S\sx\t\wxy-cloud)
2025-06-10 13:40:27.219 [main] INFO  top.wxy.UserApplication - No active profile set, falling back to 1 default profile: "default"
2025-06-10 13:40:27.259 [main] INFO  c.a.cloud.nacos.configdata.NacosConfigDataLoader - [Nacos Config] Load config[dataId=common.yaml, group=DEFAULT_GROUP] success
2025-06-10 13:40:27.259 [main] INFO  c.a.cloud.nacos.configdata.NacosConfigDataLoader - [Nacos Config] Load config[dataId=datasource.yaml, group=DEFAULT_GROUP] success
2025-06-10 13:40:28.708 [main] INFO  o.s.d.r.config.RepositoryConfigurationDelegate - Multiple Spring Data modules found, entering strict repository configuration mode
2025-06-10 13:40:28.711 [main] INFO  o.s.d.r.config.RepositoryConfigurationDelegate - Bootstrapping Spring Data Redis repositories in DEFAULT mode.
2025-06-10 13:40:28.773 [main] INFO  o.s.d.r.config.RepositoryConfigurationDelegate - Finished Spring Data repository scanning in 44 ms. Found 0 Redis repository interfaces.
2025-06-10 13:40:29.134 [main] INFO  o.springframework.cloud.context.scope.GenericScope - BeanFactory id=2cb0b9a0-7e9a-3dab-a17d-18adf1dcd1a6
2025-06-10 13:40:30.243 [main] INFO  o.s.boot.web.embedded.tomcat.TomcatWebServer - Tomcat initialized with port 8082 (http)
2025-06-10 13:40:30.255 [main] INFO  org.apache.coyote.http11.Http11NioProtocol - Initializing ProtocolHandler ["http-nio-8082"]
2025-06-10 13:40:30.256 [main] INFO  org.apache.catalina.core.StandardService - Starting service [Tomcat]
2025-06-10 13:40:30.257 [main] INFO  org.apache.catalina.core.StandardEngine - Starting Servlet engine: [Apache Tomcat/10.1.26]
2025-06-10 13:40:30.378 [main] INFO  o.a.c.core.ContainerBase.[Tomcat].[localhost].[/] - Initializing Spring embedded WebApplicationContext
2025-06-10 13:40:30.379 [main] INFO  o.s.b.w.s.c.ServletWebServerApplicationContext - Root WebApplicationContext: initialization completed in 3118 ms
2025-06-10 13:40:30.706 [main] INFO  org.redisson.Version - Redisson 3.21.3
2025-06-10 13:40:31.226 [redisson-netty-2-5] INFO  o.r.connection.pool.MasterPubSubConnectionPool - 1 connections initialized for localhost/127.0.0.1:6379
2025-06-10 13:40:31.301 [redisson-netty-2-20] INFO  org.redisson.connection.pool.MasterConnectionPool - 24 connections initialized for localhost/127.0.0.1:6379
2025-06-10 13:40:31.652 [main] INFO  com.zaxxer.hikari.HikariDataSource - master - Starting...
2025-06-10 13:40:31.999 [main] INFO  com.zaxxer.hikari.pool.HikariPool - master - Added connection com.mysql.cj.jdbc.ConnectionImpl@1df8ea34
2025-06-10 13:40:32.001 [main] INFO  com.zaxxer.hikari.HikariDataSource - master - Start completed.
2025-06-10 13:40:32.004 [main] INFO  com.zaxxer.hikari.HikariDataSource - share-admin - Starting...
2025-06-10 13:40:32.184 [main] INFO  com.zaxxer.hikari.pool.HikariPool - share-admin - Added connection com.mysql.cj.jdbc.ConnectionImpl@4700db93
2025-06-10 13:40:32.185 [main] INFO  com.zaxxer.hikari.HikariDataSource - share-admin - Start completed.
2025-06-10 13:40:32.185 [main] INFO  c.b.dynamic.datasource.DynamicRoutingDataSource - dynamic-datasource - add a datasource named [share-admin] success
2025-06-10 13:40:32.185 [main] INFO  c.b.dynamic.datasource.DynamicRoutingDataSource - dynamic-datasource - add a datasource named [master] success
2025-06-10 13:40:32.185 [main] INFO  c.b.dynamic.datasource.DynamicRoutingDataSource - dynamic-datasource initial loaded [2] datasource,primary datasource named [share-admin]
2025-06-10 13:40:33.528 [main] INFO  o.s.s.c.a.a.c.InitializeAuthenticationProviderBeanManagerConfigurer$InitializeAuthenticationProviderManagerConfigurer - Found 2 AuthenticationProvider beans, with names [daoAuthenticationProvider, mobileAuthenticationProvider]. Global Authentication Manager will not be configured with AuthenticationProviders. Consider publishing a single AuthenticationProvider bean, or wiring your Providers directly using the DSL.
2025-06-10 13:40:33.529 [main] INFO  o.s.s.c.a.a.c.InitializeUserDetailsBeanManagerConfigurer$InitializeUserDetailsManagerConfigurer - Global AuthenticationManager configured with UserDetailsService bean with name userDetailsServiceImpl
2025-06-10 13:40:35.048 [main] INFO  o.s.b.actuate.endpoint.web.EndpointLinksResolver - Exposing 19 endpoints beneath base path '/actuator'
2025-06-10 13:40:36.922 [main] INFO  org.apache.coyote.http11.Http11NioProtocol - Starting ProtocolHandler ["http-nio-8082"]
2025-06-10 13:40:36.932 [main] INFO  o.s.boot.web.embedded.tomcat.TomcatWebServer - Tomcat started on port 8082 (http) with context path '/'
2025-06-10 13:40:36.939 [main] INFO  com.alibaba.nacos.client.naming - initializer namespace from ans.namespace attribute : null
2025-06-10 13:40:36.940 [main] INFO  com.alibaba.nacos.client.naming - initializer namespace from ALIBABA_ALIWARE_NAMESPACE attribute :null
2025-06-10 13:40:36.940 [main] INFO  com.alibaba.nacos.client.naming - initializer namespace from namespace attribute :null
2025-06-10 13:40:36.947 [main] INFO  com.alibaba.nacos.client.naming - FailoverDataSource type is class com.alibaba.nacos.client.naming.backups.datasource.DiskFailoverDataSource
2025-06-10 13:40:36.953 [main] INFO  c.a.n.p.auth.spi.client.ClientAuthPluginManager - [ClientAuthPluginManager] Load ClientAuthService com.alibaba.nacos.client.auth.impl.NacosClientAuthServiceImpl success.
2025-06-10 13:40:36.953 [main] INFO  c.a.n.p.auth.spi.client.ClientAuthPluginManager - [ClientAuthPluginManager] Load ClientAuthService com.alibaba.nacos.client.auth.ram.RamClientAuthServiceImpl success.
2025-06-10 13:40:37.023 [main] INFO  com.alibaba.nacos.common.remote.client - [RpcClientFactory] create a new rpc client of 1144b1b7-e4f5-4ea0-810e-e8bed24a8617
2025-06-10 13:40:37.025 [main] INFO  com.alibaba.nacos.client.naming - Create naming rpc client for uuid->1144b1b7-e4f5-4ea0-810e-e8bed24a8617
2025-06-10 13:40:37.025 [main] INFO  com.alibaba.nacos.common.remote.client - [1144b1b7-e4f5-4ea0-810e-e8bed24a8617] RpcClient init, ServerListFactory = com.alibaba.nacos.client.naming.core.ServerListManager
2025-06-10 13:40:37.025 [main] INFO  com.alibaba.nacos.common.remote.client - [1144b1b7-e4f5-4ea0-810e-e8bed24a8617] Registry connection listener to current client:com.alibaba.nacos.client.naming.remote.gprc.redo.NamingGrpcRedoService
2025-06-10 13:40:37.025 [main] INFO  com.alibaba.nacos.common.remote.client - [1144b1b7-e4f5-4ea0-810e-e8bed24a8617] Register server push request handler:com.alibaba.nacos.client.naming.remote.gprc.NamingPushRequestHandler
2025-06-10 13:40:37.025 [main] INFO  com.alibaba.nacos.common.remote.client - [1144b1b7-e4f5-4ea0-810e-e8bed24a8617] Try to connect to server on start up, server: {serverIp = '127.0.0.1', server main port = 8848}
2025-06-10 13:40:37.026 [main] INFO  c.a.nacos.common.remote.client.grpc.GrpcClient - grpc client connection server:127.0.0.1 ip,serverPort:9848,grpcTslConfig:{"sslProvider":"","enableTls":false,"mutualAuthEnable":false,"trustAll":false}
2025-06-10 13:40:37.035 [main] INFO  com.alibaba.nacos.common.remote.client - [1144b1b7-e4f5-4ea0-810e-e8bed24a8617] Success to connect to server [127.0.0.1:8848] on start up, connectionId = 1749534037031_127.0.0.1_26192
2025-06-10 13:40:37.037 [main] INFO  com.alibaba.nacos.common.remote.client - [1144b1b7-e4f5-4ea0-810e-e8bed24a8617] Register server push request handler:com.alibaba.nacos.common.remote.client.RpcClient$ConnectResetRequestHandler
2025-06-10 13:40:37.037 [com.alibaba.nacos.client.remote.worker.0] INFO  com.alibaba.nacos.common.remote.client - [1144b1b7-e4f5-4ea0-810e-e8bed24a8617] Notify connected event to listeners.
2025-06-10 13:40:37.037 [main] INFO  com.alibaba.nacos.common.remote.client - [1144b1b7-e4f5-4ea0-810e-e8bed24a8617] Register server push request handler:com.alibaba.nacos.common.remote.client.RpcClient$$Lambda$432/0x0000000800fdd870
2025-06-10 13:40:37.037 [com.alibaba.nacos.client.remote.worker.0] INFO  com.alibaba.nacos.client.naming - Grpc connection connect
2025-06-10 13:40:37.038 [main] INFO  com.alibaba.nacos.client.naming - [REGISTER-SERVICE] public registering service wxy-cloud-user with instance Instance{instanceId='null', ip='169.254.75.137', port=8082, weight=1.0, healthy=true, enabled=true, ephemeral=true, clusterName='DEFAULT', serviceName='null', metadata={management.endpoints.web.base-path=/actuator, IPv6=null, preserved.register.source=SPRING_CLOUD}}
2025-06-10 13:40:37.048 [main] INFO  c.a.cloud.nacos.registry.NacosServiceRegistry - nacos registry, DEFAULT_GROUP wxy-cloud-user 169.254.75.137:8082 register finished
2025-06-10 13:40:37.532 [main] INFO  top.wxy.UserApplication - Started UserApplication in 13.47 seconds (process running for 15.016)
2025-06-10 13:40:37.549 [main] INFO  com.alibaba.nacos.client.config.impl.CacheData - config listener notify warn timeout millis use default 60000 millis 
2025-06-10 13:40:37.550 [main] INFO  com.alibaba.nacos.client.config.impl.CacheData - nacos.cache.data.init.snapshot = true 
2025-06-10 13:40:37.552 [main] INFO  com.alibaba.nacos.client.config.impl.ClientWorker - [fixed-127.0.0.1_8848] [subscribe] datasource.yaml+DEFAULT_GROUP
2025-06-10 13:40:37.568 [main] INFO  com.alibaba.nacos.client.config.impl.CacheData - [fixed-127.0.0.1_8848] [add-listener] ok, tenant=, dataId=datasource.yaml, group=DEFAULT_GROUP, cnt=1
2025-06-10 13:40:37.568 [main] INFO  c.a.cloud.nacos.refresh.NacosContextRefresher - [Nacos Config] Listening config: dataId=datasource.yaml, group=DEFAULT_GROUP
2025-06-10 13:40:37.569 [main] INFO  com.alibaba.nacos.client.config.impl.ClientWorker - [fixed-127.0.0.1_8848] [subscribe] common.yaml+DEFAULT_GROUP
2025-06-10 13:40:37.571 [main] INFO  com.alibaba.nacos.client.config.impl.CacheData - [fixed-127.0.0.1_8848] [add-listener] ok, tenant=, dataId=common.yaml, group=DEFAULT_GROUP, cnt=1
2025-06-10 13:40:37.571 [main] INFO  c.a.cloud.nacos.refresh.NacosContextRefresher - [Nacos Config] Listening config: dataId=common.yaml, group=DEFAULT_GROUP
2025-06-10 13:40:46.861 [http-nio-8082-exec-1] INFO  o.a.c.core.ContainerBase.[Tomcat].[localhost].[/] - Initializing Spring DispatcherServlet 'dispatcherServlet'
2025-06-10 13:40:46.861 [http-nio-8082-exec-1] INFO  org.springframework.web.servlet.DispatcherServlet - Initializing Servlet 'dispatcherServlet'
2025-06-10 13:40:46.865 [http-nio-8082-exec-1] INFO  org.springframework.web.servlet.DispatcherServlet - Completed initialization in 4 ms
2025-06-10 13:40:47.389 [http-nio-8082-exec-1] INFO  org.springdoc.api.AbstractOpenApiResource - Init duration for springdoc-openapi is: 414 ms
2025-06-10 13:40:51.908 [http-nio-8082-exec-2] INFO  top.wxy.framework.security.utils.JwtUtil - 生成 JWT token：eyJ0eXAiOiJKV1QiLCJhbGciOiJIUzI1NiJ9.eyJuYmYiOjE3NDk1MzQwNTEsImV4cCI6MTc0OTcwNjg1MSwiaWF0IjoxNzQ5NTM0MDUxLCJ1c2VySWQiOjV9.9VZ4kVDD3tDhv5LMzQqAqGP4uRc331qbzqcNuqyLQB4
2025-06-10 14:06:24.706 [SpringApplicationShutdownHook] INFO  c.a.cloud.nacos.registry.NacosServiceRegistry - De-registering from Nacos Server now...
2025-06-10 14:06:24.707 [SpringApplicationShutdownHook] INFO  com.alibaba.nacos.client.naming - [DEREGISTER-SERVICE] public deregistering service wxy-cloud-user with instance: Instance{instanceId='null', ip='169.254.75.137', port=8082, weight=1.0, healthy=true, enabled=true, ephemeral=true, clusterName='DEFAULT', serviceName='null', metadata={}}
2025-06-10 14:06:24.713 [SpringApplicationShutdownHook] INFO  c.a.cloud.nacos.registry.NacosServiceRegistry - De-registration finished.
2025-06-10 14:06:24.714 [SpringApplicationShutdownHook] INFO  com.alibaba.nacos.client.naming - com.alibaba.nacos.client.naming.cache.ServiceInfoHolder do shutdown begin
2025-06-10 14:06:24.714 [SpringApplicationShutdownHook] INFO  com.alibaba.nacos.client.naming - com.alibaba.nacos.client.naming.backups.FailoverReactor do shutdown begin
2025-06-10 14:06:24.715 [SpringApplicationShutdownHook] INFO  com.alibaba.nacos.client.naming - com.alibaba.nacos.client.naming.backups.FailoverReactor do shutdown stop
2025-06-10 14:06:24.715 [SpringApplicationShutdownHook] INFO  com.alibaba.nacos.client.naming - com.alibaba.nacos.client.naming.cache.ServiceInfoHolder do shutdown stop
2025-06-10 14:06:24.715 [SpringApplicationShutdownHook] INFO  com.alibaba.nacos.client.naming - com.alibaba.nacos.client.naming.remote.NamingClientProxyDelegate do shutdown begin
2025-06-10 14:06:24.715 [SpringApplicationShutdownHook] INFO  com.alibaba.nacos.client.naming - com.alibaba.nacos.client.naming.core.ServiceInfoUpdateService do shutdown begin
2025-06-10 14:06:24.715 [SpringApplicationShutdownHook] INFO  com.alibaba.nacos.client.naming - com.alibaba.nacos.client.naming.core.ServiceInfoUpdateService do shutdown stop
2025-06-10 14:06:24.715 [SpringApplicationShutdownHook] INFO  com.alibaba.nacos.client.naming - com.alibaba.nacos.client.naming.core.ServerListManager do shutdown begin
2025-06-10 14:06:24.715 [SpringApplicationShutdownHook] INFO  com.alibaba.nacos.client.naming - com.alibaba.nacos.client.naming.core.ServerListManager do shutdown stop
2025-06-10 14:06:24.715 [SpringApplicationShutdownHook] INFO  com.alibaba.nacos.client.naming - com.alibaba.nacos.client.naming.remote.http.NamingHttpClientProxy do shutdown begin
2025-06-10 14:06:24.715 [SpringApplicationShutdownHook] INFO  com.alibaba.nacos.client.naming - com.alibaba.nacos.client.naming.remote.http.NamingHttpClientProxy do shutdown stop
2025-06-10 14:06:24.715 [SpringApplicationShutdownHook] INFO  com.alibaba.nacos.client.naming - Shutdown naming grpc client proxy for  uuid->1144b1b7-e4f5-4ea0-810e-e8bed24a8617
2025-06-10 14:06:24.715 [SpringApplicationShutdownHook] INFO  com.alibaba.nacos.client.naming - Shutdown grpc redo service executor java.util.concurrent.ScheduledThreadPoolExecutor@2531b70[Running, pool size = 1, active threads = 0, queued tasks = 1, completed tasks = 515]
2025-06-10 14:06:24.716 [SpringApplicationShutdownHook] INFO  com.alibaba.nacos.common.remote.client - Shutdown rpc client, set status to shutdown
2025-06-10 14:06:24.716 [SpringApplicationShutdownHook] INFO  com.alibaba.nacos.common.remote.client - Shutdown client event executor java.util.concurrent.ScheduledThreadPoolExecutor@26a8baa5[Running, pool size = 2, active threads = 2, queued tasks = 0, completed tasks = 0]
2025-06-10 14:06:24.716 [SpringApplicationShutdownHook] INFO  com.alibaba.nacos.common.remote.client - Close current connection 1749534037031_127.0.0.1_26192
2025-06-10 14:06:24.717 [nacos-grpc-client-executor-127.0.0.1-315] INFO  c.a.nacos.common.remote.client.grpc.GrpcClient - [1749534037031_127.0.0.1_26192]Ignore complete event,isRunning:false,isAbandon=false
2025-06-10 14:06:24.725 [SpringApplicationShutdownHook] INFO  c.a.nacos.common.remote.client.grpc.GrpcClient - Shutdown grpc executor java.util.concurrent.ThreadPoolExecutor@501b39b[Running, pool size = 4, active threads = 0, queued tasks = 0, completed tasks = 316]
2025-06-10 14:06:24.725 [SpringApplicationShutdownHook] INFO  com.alibaba.nacos.client.naming - shutdown and remove naming rpc client  for uuid ->1144b1b7-e4f5-4ea0-810e-e8bed24a8617
2025-06-10 14:06:24.725 [SpringApplicationShutdownHook] INFO  c.a.n.client.auth.ram.identify.CredentialWatcher - [null] CredentialWatcher is stopped
2025-06-10 14:06:24.725 [SpringApplicationShutdownHook] INFO  c.a.n.client.auth.ram.identify.CredentialService - [null] CredentialService is freed
2025-06-10 14:06:24.725 [SpringApplicationShutdownHook] INFO  com.alibaba.nacos.client.naming - com.alibaba.nacos.client.naming.remote.NamingClientProxyDelegate do shutdown stop
2025-06-10 14:06:24.730 [SpringApplicationShutdownHook] INFO  c.b.dynamic.datasource.DynamicRoutingDataSource - dynamic-datasource start closing ....
2025-06-10 14:06:24.734 [SpringApplicationShutdownHook] INFO  com.zaxxer.hikari.HikariDataSource - share-admin - Shutdown initiated...
2025-06-10 14:06:24.740 [SpringApplicationShutdownHook] INFO  com.zaxxer.hikari.HikariDataSource - share-admin - Shutdown completed.
2025-06-10 14:06:24.740 [SpringApplicationShutdownHook] INFO  c.b.d.d.destroyer.DefaultDataSourceDestroyer - dynamic-datasource close the datasource named [share-admin] success,
2025-06-10 14:06:24.740 [SpringApplicationShutdownHook] INFO  com.zaxxer.hikari.HikariDataSource - master - Shutdown initiated...
2025-06-10 14:06:24.746 [SpringApplicationShutdownHook] INFO  com.zaxxer.hikari.HikariDataSource - master - Shutdown completed.
2025-06-10 14:06:24.746 [SpringApplicationShutdownHook] INFO  c.b.d.d.destroyer.DefaultDataSourceDestroyer - dynamic-datasource close the datasource named [master] success,
2025-06-10 14:06:24.747 [SpringApplicationShutdownHook] INFO  c.b.dynamic.datasource.DynamicRoutingDataSource - dynamic-datasource all closed success,bye
2025-06-10 14:06:38.619 [background-preinit] INFO  org.hibernate.validator.internal.util.Version - HV000001: Hibernate Validator 8.0.1.Final
2025-06-10 14:06:38.688 [main] INFO  top.wxy.UserApplication - Starting UserApplication using Java 17 with PID 15364 (D:\S\sx\t\wxy-cloud\wxy-cloud-user\target\classes started by keke666 in D:\S\sx\t\wxy-cloud)
2025-06-10 14:06:38.689 [main] INFO  top.wxy.UserApplication - No active profile set, falling back to 1 default profile: "default"
2025-06-10 14:06:38.739 [main] INFO  c.a.cloud.nacos.configdata.NacosConfigDataLoader - [Nacos Config] Load config[dataId=common.yaml, group=DEFAULT_GROUP] success
2025-06-10 14:06:38.740 [main] INFO  c.a.cloud.nacos.configdata.NacosConfigDataLoader - [Nacos Config] Load config[dataId=datasource.yaml, group=DEFAULT_GROUP] success
2025-06-10 14:06:41.043 [main] INFO  o.s.d.r.config.RepositoryConfigurationDelegate - Multiple Spring Data modules found, entering strict repository configuration mode
2025-06-10 14:06:41.050 [main] INFO  o.s.d.r.config.RepositoryConfigurationDelegate - Bootstrapping Spring Data Redis repositories in DEFAULT mode.
2025-06-10 14:06:41.123 [main] INFO  o.s.d.r.config.RepositoryConfigurationDelegate - Finished Spring Data repository scanning in 44 ms. Found 0 Redis repository interfaces.
2025-06-10 14:06:41.563 [main] INFO  o.springframework.cloud.context.scope.GenericScope - BeanFactory id=2cb0b9a0-7e9a-3dab-a17d-18adf1dcd1a6
2025-06-10 14:06:42.826 [main] INFO  o.s.boot.web.embedded.tomcat.TomcatWebServer - Tomcat initialized with port 8082 (http)
2025-06-10 14:06:42.850 [main] INFO  org.apache.coyote.http11.Http11NioProtocol - Initializing ProtocolHandler ["http-nio-8082"]
2025-06-10 14:06:42.852 [main] INFO  org.apache.catalina.core.StandardService - Starting service [Tomcat]
2025-06-10 14:06:42.853 [main] INFO  org.apache.catalina.core.StandardEngine - Starting Servlet engine: [Apache Tomcat/10.1.26]
2025-06-10 14:06:43.051 [main] INFO  o.a.c.core.ContainerBase.[Tomcat].[localhost].[/] - Initializing Spring embedded WebApplicationContext
2025-06-10 14:06:43.052 [main] INFO  o.s.b.w.s.c.ServletWebServerApplicationContext - Root WebApplicationContext: initialization completed in 4309 ms
2025-06-10 14:06:43.534 [main] INFO  org.redisson.Version - Redisson 3.21.3
2025-06-10 14:06:44.091 [redisson-netty-2-6] INFO  o.r.connection.pool.MasterPubSubConnectionPool - 1 connections initialized for localhost/127.0.0.1:6379
2025-06-10 14:06:44.194 [redisson-netty-2-20] INFO  org.redisson.connection.pool.MasterConnectionPool - 24 connections initialized for localhost/127.0.0.1:6379
2025-06-10 14:06:44.661 [main] INFO  com.zaxxer.hikari.HikariDataSource - master - Starting...
2025-06-10 14:06:45.157 [main] INFO  com.zaxxer.hikari.pool.HikariPool - master - Added connection com.mysql.cj.jdbc.ConnectionImpl@46c28400
2025-06-10 14:06:45.168 [main] INFO  com.zaxxer.hikari.HikariDataSource - master - Start completed.
2025-06-10 14:06:45.174 [main] INFO  com.zaxxer.hikari.HikariDataSource - share-admin - Starting...
2025-06-10 14:06:45.353 [main] INFO  com.zaxxer.hikari.pool.HikariPool - share-admin - Added connection com.mysql.cj.jdbc.ConnectionImpl@75707f05
2025-06-10 14:06:45.354 [main] INFO  com.zaxxer.hikari.HikariDataSource - share-admin - Start completed.
2025-06-10 14:06:45.354 [main] INFO  c.b.dynamic.datasource.DynamicRoutingDataSource - dynamic-datasource - add a datasource named [share-admin] success
2025-06-10 14:06:45.354 [main] INFO  c.b.dynamic.datasource.DynamicRoutingDataSource - dynamic-datasource - add a datasource named [master] success
2025-06-10 14:06:45.354 [main] INFO  c.b.dynamic.datasource.DynamicRoutingDataSource - dynamic-datasource initial loaded [2] datasource,primary datasource named [share-admin]
2025-06-10 14:06:46.911 [main] INFO  o.s.s.c.a.a.c.InitializeAuthenticationProviderBeanManagerConfigurer$InitializeAuthenticationProviderManagerConfigurer - Found 2 AuthenticationProvider beans, with names [daoAuthenticationProvider, mobileAuthenticationProvider]. Global Authentication Manager will not be configured with AuthenticationProviders. Consider publishing a single AuthenticationProvider bean, or wiring your Providers directly using the DSL.
2025-06-10 14:06:46.914 [main] INFO  o.s.s.c.a.a.c.InitializeUserDetailsBeanManagerConfigurer$InitializeUserDetailsManagerConfigurer - Global AuthenticationManager configured with UserDetailsService bean with name userDetailsServiceImpl
2025-06-10 14:06:49.238 [main] INFO  o.s.b.actuate.endpoint.web.EndpointLinksResolver - Exposing 19 endpoints beneath base path '/actuator'
2025-06-10 14:06:51.287 [main] INFO  org.apache.coyote.http11.Http11NioProtocol - Starting ProtocolHandler ["http-nio-8082"]
2025-06-10 14:06:51.300 [main] INFO  o.s.boot.web.embedded.tomcat.TomcatWebServer - Tomcat started on port 8082 (http) with context path '/'
2025-06-10 14:06:51.309 [main] INFO  com.alibaba.nacos.client.naming - initializer namespace from ans.namespace attribute : null
2025-06-10 14:06:51.310 [main] INFO  com.alibaba.nacos.client.naming - initializer namespace from ALIBABA_ALIWARE_NAMESPACE attribute :null
2025-06-10 14:06:51.310 [main] INFO  com.alibaba.nacos.client.naming - initializer namespace from namespace attribute :null
2025-06-10 14:06:51.317 [main] INFO  com.alibaba.nacos.client.naming - FailoverDataSource type is class com.alibaba.nacos.client.naming.backups.datasource.DiskFailoverDataSource
2025-06-10 14:06:51.323 [main] INFO  c.a.n.p.auth.spi.client.ClientAuthPluginManager - [ClientAuthPluginManager] Load ClientAuthService com.alibaba.nacos.client.auth.impl.NacosClientAuthServiceImpl success.
2025-06-10 14:06:51.324 [main] INFO  c.a.n.p.auth.spi.client.ClientAuthPluginManager - [ClientAuthPluginManager] Load ClientAuthService com.alibaba.nacos.client.auth.ram.RamClientAuthServiceImpl success.
2025-06-10 14:06:51.398 [main] INFO  com.alibaba.nacos.common.remote.client - [RpcClientFactory] create a new rpc client of f95df03f-6182-4f25-b8ba-b108ee590f29
2025-06-10 14:06:51.401 [main] INFO  com.alibaba.nacos.client.naming - Create naming rpc client for uuid->f95df03f-6182-4f25-b8ba-b108ee590f29
2025-06-10 14:06:51.401 [main] INFO  com.alibaba.nacos.common.remote.client - [f95df03f-6182-4f25-b8ba-b108ee590f29] RpcClient init, ServerListFactory = com.alibaba.nacos.client.naming.core.ServerListManager
2025-06-10 14:06:51.401 [main] INFO  com.alibaba.nacos.common.remote.client - [f95df03f-6182-4f25-b8ba-b108ee590f29] Registry connection listener to current client:com.alibaba.nacos.client.naming.remote.gprc.redo.NamingGrpcRedoService
2025-06-10 14:06:51.403 [main] INFO  com.alibaba.nacos.common.remote.client - [f95df03f-6182-4f25-b8ba-b108ee590f29] Register server push request handler:com.alibaba.nacos.client.naming.remote.gprc.NamingPushRequestHandler
2025-06-10 14:06:51.403 [main] INFO  com.alibaba.nacos.common.remote.client - [f95df03f-6182-4f25-b8ba-b108ee590f29] Try to connect to server on start up, server: {serverIp = '127.0.0.1', server main port = 8848}
2025-06-10 14:06:51.403 [main] INFO  c.a.nacos.common.remote.client.grpc.GrpcClient - grpc client connection server:127.0.0.1 ip,serverPort:9848,grpcTslConfig:{"sslProvider":"","enableTls":false,"mutualAuthEnable":false,"trustAll":false}
2025-06-10 14:06:51.425 [main] INFO  com.alibaba.nacos.common.remote.client - [f95df03f-6182-4f25-b8ba-b108ee590f29] Success to connect to server [127.0.0.1:8848] on start up, connectionId = 1749535611415_127.0.0.1_27906
2025-06-10 14:06:51.425 [main] INFO  com.alibaba.nacos.common.remote.client - [f95df03f-6182-4f25-b8ba-b108ee590f29] Register server push request handler:com.alibaba.nacos.common.remote.client.RpcClient$ConnectResetRequestHandler
2025-06-10 14:06:51.425 [com.alibaba.nacos.client.remote.worker.0] INFO  com.alibaba.nacos.common.remote.client - [f95df03f-6182-4f25-b8ba-b108ee590f29] Notify connected event to listeners.
2025-06-10 14:06:51.425 [main] INFO  com.alibaba.nacos.common.remote.client - [f95df03f-6182-4f25-b8ba-b108ee590f29] Register server push request handler:com.alibaba.nacos.common.remote.client.RpcClient$$Lambda$444/0x0000000801025870
2025-06-10 14:06:51.425 [com.alibaba.nacos.client.remote.worker.0] INFO  com.alibaba.nacos.client.naming - Grpc connection connect
2025-06-10 14:06:51.427 [main] INFO  com.alibaba.nacos.client.naming - [REGISTER-SERVICE] public registering service wxy-cloud-user with instance Instance{instanceId='null', ip='169.254.75.137', port=8082, weight=1.0, healthy=true, enabled=true, ephemeral=true, clusterName='DEFAULT', serviceName='null', metadata={management.endpoints.web.base-path=/actuator, IPv6=null, preserved.register.source=SPRING_CLOUD}}
2025-06-10 14:06:51.445 [main] INFO  c.a.cloud.nacos.registry.NacosServiceRegistry - nacos registry, DEFAULT_GROUP wxy-cloud-user 169.254.75.137:8082 register finished
2025-06-10 14:06:51.977 [main] INFO  top.wxy.UserApplication - Started UserApplication in 17.837 seconds (process running for 19.371)
2025-06-10 14:06:51.995 [main] INFO  com.alibaba.nacos.client.config.impl.CacheData - config listener notify warn timeout millis use default 60000 millis 
2025-06-10 14:06:51.996 [main] INFO  com.alibaba.nacos.client.config.impl.CacheData - nacos.cache.data.init.snapshot = true 
2025-06-10 14:06:51.998 [main] INFO  com.alibaba.nacos.client.config.impl.ClientWorker - [fixed-127.0.0.1_8848] [subscribe] datasource.yaml+DEFAULT_GROUP
2025-06-10 14:06:52.020 [main] INFO  com.alibaba.nacos.client.config.impl.CacheData - [fixed-127.0.0.1_8848] [add-listener] ok, tenant=, dataId=datasource.yaml, group=DEFAULT_GROUP, cnt=1
2025-06-10 14:06:52.022 [main] INFO  c.a.cloud.nacos.refresh.NacosContextRefresher - [Nacos Config] Listening config: dataId=datasource.yaml, group=DEFAULT_GROUP
2025-06-10 14:06:52.024 [main] INFO  com.alibaba.nacos.client.config.impl.ClientWorker - [fixed-127.0.0.1_8848] [subscribe] common.yaml+DEFAULT_GROUP
2025-06-10 14:06:52.024 [main] INFO  com.alibaba.nacos.client.config.impl.CacheData - [fixed-127.0.0.1_8848] [add-listener] ok, tenant=, dataId=common.yaml, group=DEFAULT_GROUP, cnt=1
2025-06-10 14:06:52.024 [main] INFO  c.a.cloud.nacos.refresh.NacosContextRefresher - [Nacos Config] Listening config: dataId=common.yaml, group=DEFAULT_GROUP
2025-06-10 14:06:52.306 [RMI TCP Connection(1)-10.20.180.139] INFO  o.a.c.core.ContainerBase.[Tomcat].[localhost].[/] - Initializing Spring DispatcherServlet 'dispatcherServlet'
2025-06-10 14:06:52.306 [RMI TCP Connection(1)-10.20.180.139] INFO  org.springframework.web.servlet.DispatcherServlet - Initializing Servlet 'dispatcherServlet'
2025-06-10 14:06:52.309 [RMI TCP Connection(1)-10.20.180.139] INFO  org.springframework.web.servlet.DispatcherServlet - Completed initialization in 3 ms
2025-06-10 14:07:33.365 [http-nio-8082-exec-1] INFO  org.springdoc.api.AbstractOpenApiResource - Init duration for springdoc-openapi is: 379 ms
2025-06-10 14:07:48.570 [SpringApplicationShutdownHook] INFO  c.a.cloud.nacos.registry.NacosServiceRegistry - De-registering from Nacos Server now...
2025-06-10 14:07:48.571 [SpringApplicationShutdownHook] INFO  com.alibaba.nacos.client.naming - [DEREGISTER-SERVICE] public deregistering service wxy-cloud-user with instance: Instance{instanceId='null', ip='169.254.75.137', port=8082, weight=1.0, healthy=true, enabled=true, ephemeral=true, clusterName='DEFAULT', serviceName='null', metadata={}}
2025-06-10 14:07:48.576 [SpringApplicationShutdownHook] INFO  c.a.cloud.nacos.registry.NacosServiceRegistry - De-registration finished.
2025-06-10 14:07:48.578 [SpringApplicationShutdownHook] INFO  com.alibaba.nacos.client.naming - com.alibaba.nacos.client.naming.cache.ServiceInfoHolder do shutdown begin
2025-06-10 14:07:48.578 [SpringApplicationShutdownHook] INFO  com.alibaba.nacos.client.naming - com.alibaba.nacos.client.naming.backups.FailoverReactor do shutdown begin
2025-06-10 14:07:48.578 [SpringApplicationShutdownHook] INFO  com.alibaba.nacos.client.naming - com.alibaba.nacos.client.naming.backups.FailoverReactor do shutdown stop
2025-06-10 14:07:48.578 [SpringApplicationShutdownHook] INFO  com.alibaba.nacos.client.naming - com.alibaba.nacos.client.naming.cache.ServiceInfoHolder do shutdown stop
2025-06-10 14:07:48.578 [SpringApplicationShutdownHook] INFO  com.alibaba.nacos.client.naming - com.alibaba.nacos.client.naming.remote.NamingClientProxyDelegate do shutdown begin
2025-06-10 14:07:48.578 [SpringApplicationShutdownHook] INFO  com.alibaba.nacos.client.naming - com.alibaba.nacos.client.naming.core.ServiceInfoUpdateService do shutdown begin
2025-06-10 14:07:48.579 [SpringApplicationShutdownHook] INFO  com.alibaba.nacos.client.naming - com.alibaba.nacos.client.naming.core.ServiceInfoUpdateService do shutdown stop
2025-06-10 14:07:48.579 [SpringApplicationShutdownHook] INFO  com.alibaba.nacos.client.naming - com.alibaba.nacos.client.naming.core.ServerListManager do shutdown begin
2025-06-10 14:07:48.579 [SpringApplicationShutdownHook] INFO  com.alibaba.nacos.client.naming - com.alibaba.nacos.client.naming.core.ServerListManager do shutdown stop
2025-06-10 14:07:48.579 [SpringApplicationShutdownHook] INFO  com.alibaba.nacos.client.naming - com.alibaba.nacos.client.naming.remote.http.NamingHttpClientProxy do shutdown begin
2025-06-10 14:07:48.579 [SpringApplicationShutdownHook] INFO  com.alibaba.nacos.client.naming - com.alibaba.nacos.client.naming.remote.http.NamingHttpClientProxy do shutdown stop
2025-06-10 14:07:48.579 [SpringApplicationShutdownHook] INFO  com.alibaba.nacos.client.naming - Shutdown naming grpc client proxy for  uuid->f95df03f-6182-4f25-b8ba-b108ee590f29
2025-06-10 14:07:48.579 [SpringApplicationShutdownHook] INFO  com.alibaba.nacos.client.naming - Shutdown grpc redo service executor java.util.concurrent.ScheduledThreadPoolExecutor@7423b3a4[Running, pool size = 1, active threads = 0, queued tasks = 1, completed tasks = 19]
2025-06-10 14:07:48.579 [SpringApplicationShutdownHook] INFO  com.alibaba.nacos.common.remote.client - Shutdown rpc client, set status to shutdown
2025-06-10 14:07:48.579 [SpringApplicationShutdownHook] INFO  com.alibaba.nacos.common.remote.client - Shutdown client event executor java.util.concurrent.ScheduledThreadPoolExecutor@47895d65[Running, pool size = 2, active threads = 2, queued tasks = 0, completed tasks = 0]
2025-06-10 14:07:48.581 [SpringApplicationShutdownHook] INFO  com.alibaba.nacos.common.remote.client - Close current connection 1749535611415_127.0.0.1_27906
2025-06-10 14:07:48.582 [nacos-grpc-client-executor-127.0.0.1-21] INFO  c.a.nacos.common.remote.client.grpc.GrpcClient - [1749535611415_127.0.0.1_27906]Ignore complete event,isRunning:false,isAbandon=false
2025-06-10 14:07:48.587 [SpringApplicationShutdownHook] INFO  c.a.nacos.common.remote.client.grpc.GrpcClient - Shutdown grpc executor java.util.concurrent.ThreadPoolExecutor@4a125176[Running, pool size = 3, active threads = 0, queued tasks = 0, completed tasks = 22]
2025-06-10 14:07:48.587 [SpringApplicationShutdownHook] INFO  com.alibaba.nacos.client.naming - shutdown and remove naming rpc client  for uuid ->f95df03f-6182-4f25-b8ba-b108ee590f29
2025-06-10 14:07:48.588 [SpringApplicationShutdownHook] INFO  c.a.n.client.auth.ram.identify.CredentialWatcher - [null] CredentialWatcher is stopped
2025-06-10 14:07:48.588 [SpringApplicationShutdownHook] INFO  c.a.n.client.auth.ram.identify.CredentialService - [null] CredentialService is freed
2025-06-10 14:07:48.588 [SpringApplicationShutdownHook] INFO  com.alibaba.nacos.client.naming - com.alibaba.nacos.client.naming.remote.NamingClientProxyDelegate do shutdown stop
2025-06-10 14:07:48.593 [SpringApplicationShutdownHook] INFO  c.b.dynamic.datasource.DynamicRoutingDataSource - dynamic-datasource start closing ....
2025-06-10 14:07:48.595 [SpringApplicationShutdownHook] INFO  com.zaxxer.hikari.HikariDataSource - share-admin - Shutdown initiated...
2025-06-10 14:07:48.599 [SpringApplicationShutdownHook] INFO  com.zaxxer.hikari.HikariDataSource - share-admin - Shutdown completed.
2025-06-10 14:07:48.599 [SpringApplicationShutdownHook] INFO  c.b.d.d.destroyer.DefaultDataSourceDestroyer - dynamic-datasource close the datasource named [share-admin] success,
2025-06-10 14:07:48.599 [SpringApplicationShutdownHook] INFO  com.zaxxer.hikari.HikariDataSource - master - Shutdown initiated...
2025-06-10 14:07:48.612 [SpringApplicationShutdownHook] INFO  com.zaxxer.hikari.HikariDataSource - master - Shutdown completed.
2025-06-10 14:07:48.613 [SpringApplicationShutdownHook] INFO  c.b.d.d.destroyer.DefaultDataSourceDestroyer - dynamic-datasource close the datasource named [master] success,
2025-06-10 14:07:48.613 [SpringApplicationShutdownHook] INFO  c.b.dynamic.datasource.DynamicRoutingDataSource - dynamic-datasource all closed success,bye
