2025-06-02 10:21:07.199 [main] WARN  c.a.cloud.nacos.configdata.NacosConfigDataLoader - [Nacos Config] config[dataId=wxy-cloud-gateway.yaml, group=DEFAULT_GROUP] is empty
2025-06-02 10:21:08.400 [main] WARN  o.s.c.s.PostProcessorRegistrationDelegate$BeanPostProcessorChecker - Bean 'org.springframework.cloud.client.loadbalancer.LoadBalancerAutoConfiguration$DeferringLoadBalancerInterceptorConfig' of type [org.springframework.cloud.client.loadbalancer.LoadBalancerAutoConfiguration$DeferringLoadBalancerInterceptorConfig] is not eligible for getting processed by all BeanPostProcessors (for example: not eligible for auto-proxying). The currently created BeanPostProcessor [lbRestClientPostProcessor] is declared through a non-static factory method on that class; consider declaring it as static instead.
2025-06-02 10:21:08.403 [main] WARN  o.s.c.s.PostProcessorRegistrationDelegate$BeanPostProcessorChecker - Bean 'deferringLoadBalancerInterceptor' of type [org.springframework.cloud.client.loadbalancer.DeferringLoadBalancerInterceptor] is not eligible for getting processed by all BeanPostProcessors (for example: not eligible for auto-proxying). Is this bean getting eagerly injected into a currently created BeanPostProcessor [lbRestClientPostProcessor]? Check the corresponding BeanPostProcessor declaration and its dependencies.
2025-06-02 10:21:08.404 [main] WARN  o.s.c.s.PostProcessorRegistrationDelegate$BeanPostProcessorChecker - Bean 'org.springframework.cloud.client.loadbalancer.reactive.LoadBalancerBeanPostProcessorAutoConfiguration' of type [org.springframework.cloud.client.loadbalancer.reactive.LoadBalancerBeanPostProcessorAutoConfiguration] is not eligible for getting processed by all BeanPostProcessors (for example: not eligible for auto-proxying). The currently created BeanPostProcessor [loadBalancerWebClientBuilderBeanPostProcessor] is declared through a non-static factory method on that class; consider declaring it as static instead.
2025-06-02 10:21:08.405 [main] WARN  o.s.c.s.PostProcessorRegistrationDelegate$BeanPostProcessorChecker - Bean 'org.springframework.cloud.client.loadbalancer.reactive.LoadBalancerBeanPostProcessorAutoConfiguration$ReactorDeferringLoadBalancerFilterConfig' of type [org.springframework.cloud.client.loadbalancer.reactive.LoadBalancerBeanPostProcessorAutoConfiguration$ReactorDeferringLoadBalancerFilterConfig] is not eligible for getting processed by all BeanPostProcessors (for example: not eligible for auto-proxying). Is this bean getting eagerly injected into a currently created BeanPostProcessor [loadBalancerWebClientBuilderBeanPostProcessor]? Check the corresponding BeanPostProcessor declaration and its dependencies.
2025-06-02 10:21:08.406 [main] WARN  o.s.c.s.PostProcessorRegistrationDelegate$BeanPostProcessorChecker - Bean 'reactorDeferringLoadBalancerExchangeFilterFunction' of type [org.springframework.cloud.client.loadbalancer.reactive.DeferringLoadBalancerExchangeFilterFunction] is not eligible for getting processed by all BeanPostProcessors (for example: not eligible for auto-proxying). Is this bean getting eagerly injected into a currently created BeanPostProcessor [loadBalancerWebClientBuilderBeanPostProcessor]? Check the corresponding BeanPostProcessor declaration and its dependencies.
2025-06-02 10:21:12.629 [boundedElastic-3] WARN  com.alibaba.nacos.client.utils.ConcurrentDiskUtil - lock DEFAULT_GROUP%40%40wxy-cloud-gateway conflict;retry time: 1
2025-06-02 10:21:23.244 [boundedElastic-2] WARN  o.s.cloud.loadbalancer.core.RoundRobinLoadBalancer - No servers available for service: wxy-cloud-admin
2025-06-02 10:21:27.351 [boundedElastic-2] WARN  o.s.cloud.loadbalancer.core.RoundRobinLoadBalancer - No servers available for service: wxy-cloud-admin
2025-06-02 10:21:28.280 [boundedElastic-2] WARN  o.s.cloud.loadbalancer.core.RoundRobinLoadBalancer - No servers available for service: wxy-cloud-admin
2025-06-02 10:21:29.026 [boundedElastic-2] WARN  o.s.cloud.loadbalancer.core.RoundRobinLoadBalancer - No servers available for service: wxy-cloud-admin
2025-06-02 10:21:29.683 [boundedElastic-2] WARN  o.s.cloud.loadbalancer.core.RoundRobinLoadBalancer - No servers available for service: wxy-cloud-admin
2025-06-02 10:21:30.332 [boundedElastic-2] WARN  o.s.cloud.loadbalancer.core.RoundRobinLoadBalancer - No servers available for service: wxy-cloud-admin
2025-06-02 10:21:35.320 [boundedElastic-2] WARN  o.s.cloud.loadbalancer.core.RoundRobinLoadBalancer - No servers available for service: wxy-cloud-admin
2025-06-02 10:21:36.040 [boundedElastic-2] WARN  o.s.cloud.loadbalancer.core.RoundRobinLoadBalancer - No servers available for service: wxy-cloud-admin
2025-06-02 12:21:17.862 [boundedElastic-50] WARN  o.s.cloud.loadbalancer.core.RoundRobinLoadBalancer - No servers available for service: wxy-cloud-content
2025-06-02 12:21:17.872 [boundedElastic-53] WARN  com.alibaba.nacos.client.utils.ConcurrentDiskUtil - lock DEFAULT_GROUP%40%40wxy-cloud-content conflict;retry time: 1
2025-06-02 12:21:17.872 [boundedElastic-53] WARN  o.s.cloud.loadbalancer.core.RoundRobinLoadBalancer - No servers available for service: wxy-cloud-content
2025-06-02 12:22:58.479 [boundedElastic-50] WARN  o.s.cloud.loadbalancer.core.RoundRobinLoadBalancer - No servers available for service: wxy-cloud-content
2025-06-02 12:22:58.479 [boundedElastic-51] WARN  o.s.cloud.loadbalancer.core.RoundRobinLoadBalancer - No servers available for service: wxy-cloud-content
2025-06-02 12:24:39.049 [boundedElastic-54] WARN  o.s.cloud.loadbalancer.core.RoundRobinLoadBalancer - No servers available for service: wxy-cloud-content
2025-06-02 12:24:39.053 [boundedElastic-54] WARN  o.s.cloud.loadbalancer.core.RoundRobinLoadBalancer - No servers available for service: wxy-cloud-content
2025-06-02 13:18:22.486 [Thread-3] WARN  com.alibaba.nacos.common.notify.NotifyCenter - [NotifyCenter] Start destroying Publisher
2025-06-02 13:18:22.488 [Thread-1] WARN  c.alibaba.nacos.common.http.HttpClientBeanHolder - [HttpClientBeanHolder] Start destroying common HttpClient
2025-06-02 13:18:22.504 [Thread-3] WARN  com.alibaba.nacos.common.notify.NotifyCenter - [NotifyCenter] Destruction of the end
2025-06-02 13:18:22.524 [Thread-1] WARN  c.alibaba.nacos.common.http.HttpClientBeanHolder - [HttpClientBeanHolder] Destruction of the end
2025-06-02 13:18:24.776 [SpringApplicationShutdownHook] WARN  com.alibaba.nacos.client.naming - [NamingHttpClientManager] Start destroying NacosRestTemplate
2025-06-02 13:18:24.776 [SpringApplicationShutdownHook] WARN  com.alibaba.nacos.client.naming - [NamingHttpClientManager] Destruction of the end
2025-06-02 13:18:24.776 [SpringApplicationShutdownHook] WARN  com.alibaba.nacos.client.naming - [NamingHttpClientManager] Start destroying NacosRestTemplate
2025-06-02 13:18:24.776 [SpringApplicationShutdownHook] WARN  com.alibaba.nacos.client.naming - [NamingHttpClientManager] Destruction of the end
